#
# There is insufficient memory for the Java Runtime Environment to continue.
# Native memory allocation (malloc) failed to allocate 1730256 bytes for Chunk::new
# Possible reasons:
#   The system is out of physical RAM or swap space
#   The process is running with CompressedOops enabled, and the Java Heap may be blocking the growth of the native heap
# Possible solutions:
#   Reduce memory load on the system
#   Increase physical memory or swap space
#   Check if swap backing store is full
#   Decrease Java heap size (-Xmx/-Xms)
#   Decrease number of Java threads
#   Decrease Java thread stack sizes (-Xss)
#   Set larger code cache with -XX:ReservedCodeCacheSize=
#   JVM is running with Unscaled Compressed Oops mode in which the Java heap is
#     placed in the first 4GB address space. The Java Heap base address is the
#     maximum limit for the native heap growth. Please use -XX:HeapBaseMinAddress
#     to set the Java Heap base and to place the Java Heap above 4GB virtual address.
# This output file may be truncated or incomplete.
#
#  Out of Memory Error (./src/hotspot/share/memory/arena.cpp:197), pid=15876, tid=18540
#
# JRE version: OpenJDK Runtime Environment (11.0.10) (build 11.0.10+0-b96-7249189)
# Java VM: OpenJDK 64-Bit Server VM (11.0.10+0-b96-7249189, mixed mode, tiered, compressed oops, g1 gc, windows-amd64)
# No core dump will be written. Minidumps are not enabled by default on client versions of Windows
#

---------------  S U M M A R Y ------------

Command Line: --add-opens=java.base/java.util=ALL-UNNAMED --add-opens=java.base/java.lang=ALL-UNNAMED --add-opens=java.base/java.lang.invoke=ALL-UNNAMED --add-opens=java.base/java.util=ALL-UNNAMED --add-opens=java.prefs/java.util.prefs=ALL-UNNAMED --add-opens=java.prefs/java.util.prefs=ALL-UNNAMED --add-opens=java.base/java.nio.charset=ALL-UNNAMED --add-opens=java.base/java.net=ALL-UNNAMED --add-opens=java.base/java.util.concurrent.atomic=ALL-UNNAMED -Xmx2048m -Dfile.encoding=UTF-8 -Duser.country=PL -Duser.language=pl -Duser.variant org.gradle.launcher.daemon.bootstrap.GradleDaemon 7.0.2

Host: Intel(R) Core(TM) i5-6200U CPU @ 2.30GHz, 4 cores, 3G,  Windows 10 , 64 bit Build 19041 (10.0.19041.1348)
Time: Sun Dec  5 23:50:11 2021 Œrodkowoeuropejski czas stand. elapsed time: 281.469902 seconds (0d 0h 4m 41s)

---------------  T H R E A D  ---------------

Current thread (0x000002963cbe6000):  JavaThread "C2 CompilerThread0" daemon [_thread_in_native, id=18540, stack(0x000000fac9b00000,0x000000fac9c00000)]


Current CompileTask:
C2: 281474 14293       4       java.lang.reflect.Method::invoke (65 bytes)

Stack: [0x000000fac9b00000,0x000000fac9c00000]
Native frames: (J=compiled Java code, j=interpreted, Vv=VM code, C=native code)
V  [jvm.dll+0x5ecfaa]
V  [jvm.dll+0x722bd5]
V  [jvm.dll+0x72412d]
V  [jvm.dll+0x7247e3]
V  [jvm.dll+0x242928]
V  [jvm.dll+0xbc4fc]
V  [jvm.dll+0xbca0c]
V  [jvm.dll+0x352d7d]
V  [jvm.dll+0x320ad3]
V  [jvm.dll+0x31ffca]
V  [jvm.dll+0x1fb602]
V  [jvm.dll+0x1fa7f4]
V  [jvm.dll+0x18354c]
V  [jvm.dll+0x208ee7]
V  [jvm.dll+0x207731]
V  [jvm.dll+0x6eb1cf]
V  [jvm.dll+0x6e3d45]
V  [jvm.dll+0x5ebe96]
C  [ucrtbase.dll+0x21bb2]
C  [KERNEL32.DLL+0x17034]
C  [ntdll.dll+0x52651]


---------------  P R O C E S S  ---------------

Threads class SMR info:
_java_thread_list=0x000002964316f740, length=53, elements={
0x0000029622fdd000, 0x000002963cb79800, 0x000002963cb83800, 0x000002963cb98800,
0x000002963cb9c000, 0x000002963cb9d000, 0x000002963cbe6000, 0x000002963cbe7000,
0x000002963cbed000, 0x000002963d65e800, 0x000002963ee97000, 0x000002963e0fc800,
0x000002963e934000, 0x000002963e1bb800, 0x000002963e1bf800, 0x000002963e1bd000,
0x000002963e1be000, 0x000002963e1b9800, 0x00000296405ea000, 0x00000296405e8000,
0x00000296405ed000, 0x00000296405e9000, 0x00000296405f1000, 0x00000296405f3800,
0x00000296405ee000, 0x00000296449cb800, 0x00000296449cc800, 0x00000296449ca000,
0x00000296449ce000, 0x00000296449cf000, 0x00000296449c9800, 0x00000296449d0000,
0x00000296449d0800, 0x00000296449cb000, 0x00000296449d6800, 0x00000296449d7000,
0x00000296449d4000, 0x00000296449d4800, 0x00000296449d5800, 0x00000296449d3000,
0x00000296449d1800, 0x00000296449d8000, 0x00000296449d2800, 0x00000296405ef800,
0x00000296405ef000, 0x00000296405ea800, 0x00000296405f0800, 0x00000296405eb800,
0x00000296405f5800, 0x00000296405f6000, 0x00000296405f3000, 0x00000296405f2000,
0x000002963e1c0800
}

Java Threads: ( => current thread )
  0x0000029622fdd000 JavaThread "main" [_thread_blocked, id=5336, stack(0x000000fac8f00000,0x000000fac9000000)]
  0x000002963cb79800 JavaThread "Reference Handler" daemon [_thread_blocked, id=23168, stack(0x000000fac9600000,0x000000fac9700000)]
  0x000002963cb83800 JavaThread "Finalizer" daemon [_thread_blocked, id=3888, stack(0x000000fac9700000,0x000000fac9800000)]
  0x000002963cb98800 JavaThread "Signal Dispatcher" daemon [_thread_blocked, id=10508, stack(0x000000fac9800000,0x000000fac9900000)]
  0x000002963cb9c000 JavaThread "Attach Listener" daemon [_thread_blocked, id=11852, stack(0x000000fac9900000,0x000000fac9a00000)]
  0x000002963cb9d000 JavaThread "Service Thread" daemon [_thread_blocked, id=1484, stack(0x000000fac9a00000,0x000000fac9b00000)]
=>0x000002963cbe6000 JavaThread "C2 CompilerThread0" daemon [_thread_in_native, id=18540, stack(0x000000fac9b00000,0x000000fac9c00000)]
  0x000002963cbe7000 JavaThread "C1 CompilerThread0" daemon [_thread_blocked, id=8792, stack(0x000000fac9c00000,0x000000fac9d00000)]
  0x000002963cbed000 JavaThread "Sweeper thread" daemon [_thread_blocked, id=12904, stack(0x000000fac9d00000,0x000000fac9e00000)]
  0x000002963d65e800 JavaThread "Common-Cleaner" daemon [_thread_blocked, id=12880, stack(0x000000fac9e00000,0x000000fac9f00000)]
  0x000002963ee97000 JavaThread "Daemon health stats" [_thread_blocked, id=17672, stack(0x000000faca200000,0x000000faca300000)]
  0x000002963e0fc800 JavaThread "Incoming local TCP Connector on port 60500" [_thread_in_native, id=21624, stack(0x000000faca100000,0x000000faca200000)]
  0x000002963e934000 JavaThread "Daemon periodic checks" [_thread_in_native, id=6340, stack(0x000000faca300000,0x000000faca400000)]
  0x000002963e1bb800 JavaThread "Cache worker for file hash cache (C:\Users\Asus\.gradle\caches\7.0.2\fileHashes)" [_thread_blocked, id=23396, stack(0x000000facad00000,0x000000facae00000)]
  0x000002963e1bf800 JavaThread "File lock request listener" [_thread_in_native, id=14268, stack(0x000000facae00000,0x000000facaf00000)]
  0x000002963e1bd000 JavaThread "Cache worker for journal cache (C:\Users\Asus\.gradle\caches\journal-1)" [_thread_blocked, id=14932, stack(0x000000facaf00000,0x000000facb000000)]
  0x000002963e1be000 JavaThread "File watcher server" daemon [_thread_in_native, id=21664, stack(0x000000facb200000,0x000000facb300000)]
  0x000002963e1b9800 JavaThread "File watcher consumer" daemon [_thread_blocked, id=2220, stack(0x000000facb300000,0x000000facb400000)]
  0x00000296405ea000 JavaThread "Cache worker for execution history cache (C:\Users\Asus\.gradle\caches\7.0.2\executionHistory)" [_thread_blocked, id=12792, stack(0x000000facb700000,0x000000facb800000)]
  0x00000296405e8000 JavaThread "jar transforms" [_thread_blocked, id=17868, stack(0x000000facb800000,0x000000facb900000)]
  0x00000296405ed000 JavaThread "jar transforms Thread 2" [_thread_blocked, id=22672, stack(0x000000facb900000,0x000000facba00000)]
  0x00000296405e9000 JavaThread "Cache worker for file content cache (C:\Users\Asus\.gradle\caches\7.0.2\fileContent)" [_thread_blocked, id=16420, stack(0x000000facba00000,0x000000facbb00000)]
  0x00000296405f1000 JavaThread "jar transforms Thread 3" [_thread_blocked, id=13640, stack(0x000000facbc00000,0x000000facbd00000)]
  0x00000296405f3800 JavaThread "jar transforms Thread 4" [_thread_blocked, id=7424, stack(0x000000facc200000,0x000000facc300000)]
  0x00000296405ee000 JavaThread "Memory manager" [_thread_blocked, id=15012, stack(0x000000facc300000,0x000000facc400000)]
  0x00000296449cb800 JavaThread "Cache worker for Java compile cache (C:\Users\Asus\.gradle\caches\7.0.2\javaCompile)" [_thread_blocked, id=16888, stack(0x000000facc700000,0x000000facc800000)]
  0x00000296449cc800 JavaThread "Daemon Thread 2" [_thread_blocked, id=1520, stack(0x000000fac8c00000,0x000000fac8d00000)]
  0x00000296449ca000 JavaThread "Handler for socket connection from /127.0.0.1:60500 to /127.0.0.1:60625" [_thread_in_native, id=16120, stack(0x000000fac8d00000,0x000000fac8e00000)]
  0x00000296449ce000 JavaThread "Cancel handler" [_thread_blocked, id=19160, stack(0x000000fac8e00000,0x000000fac8f00000)]
  0x00000296449cf000 JavaThread "Daemon worker Thread 2" [_thread_blocked, id=14796, stack(0x000000faca400000,0x000000faca500000)]
  0x00000296449c9800 JavaThread "Asynchronous log dispatcher for DefaultDaemonConnection: socket connection from /127.0.0.1:60500 to /127.0.0.1:60625" [_thread_blocked, id=23392, stack(0x000000faca700000,0x000000faca800000)]
  0x00000296449d0000 JavaThread "Stdin handler" [_thread_blocked, id=18340, stack(0x000000faca800000,0x000000faca900000)]
  0x00000296449d0800 JavaThread "Daemon client event forwarder" [_thread_blocked, id=9268, stack(0x000000faca900000,0x000000facaa00000)]
  0x00000296449cb000 JavaThread "Cache worker for file hash cache (C:\Users\Asus\AndroidStudioProjects\Zadanie6\.gradle\7.0.2\fileHashes)" [_thread_blocked, id=9716, stack(0x000000facaa00000,0x000000facab00000)]
  0x00000296449d6800 JavaThread "Cache worker for checksums cache (C:\Users\Asus\AndroidStudioProjects\Zadanie6\.gradle\checksums)" [_thread_blocked, id=22276, stack(0x000000facb000000,0x000000facb100000)]
  0x00000296449d7000 JavaThread "Cache worker for cache directory md-supplier (C:\Users\Asus\.gradle\caches\7.0.2\md-supplier)" [_thread_blocked, id=19820, stack(0x000000facb100000,0x000000facb200000)]
  0x00000296449d4000 JavaThread "Cache worker for cache directory md-rule (C:\Users\Asus\.gradle\caches\7.0.2\md-rule)" [_thread_blocked, id=19272, stack(0x000000facb400000,0x000000facb500000)]
  0x00000296449d4800 JavaThread "Cache worker for dependencies-accessors (C:\Users\Asus\AndroidStudioProjects\Zadanie6\.gradle\7.0.2\dependencies-accessors)" [_thread_blocked, id=19352, stack(0x000000facb500000,0x000000facb600000)]
  0x00000296449d5800 JavaThread "Cache worker for Build Output Cleanup Cache (C:\Users\Asus\AndroidStudioProjects\Zadanie6\.gradle\buildOutputCleanup)" [_thread_blocked, id=14452, stack(0x000000facb600000,0x000000facb700000)]
  0x00000296449d3000 JavaThread "Build operations" [_thread_blocked, id=19520, stack(0x000000facbb00000,0x000000facbc00000)]
  0x00000296449d1800 JavaThread "Build operations Thread 2" [_thread_blocked, id=3036, stack(0x000000facbd00000,0x000000facbe00000)]
  0x00000296449d8000 JavaThread "Build operations Thread 3" [_thread_blocked, id=22256, stack(0x000000facbe00000,0x000000facbf00000)]
  0x00000296449d2800 JavaThread "Build operations Thread 4" [_thread_blocked, id=21704, stack(0x000000facbf00000,0x000000facc000000)]
  0x00000296405ef800 JavaThread "build event listener" [_thread_blocked, id=7704, stack(0x000000facc000000,0x000000facc100000)]
  0x00000296405ef000 JavaThread "Execution worker for ':'" [_thread_blocked, id=23404, stack(0x000000facc100000,0x000000facc200000)]
  0x00000296405ea800 JavaThread "Execution worker for ':' Thread 2" [_thread_blocked, id=21452, stack(0x000000facc400000,0x000000facc500000)]
  0x00000296405f0800 JavaThread "Execution worker for ':' Thread 3" [_thread_blocked, id=13512, stack(0x000000facc500000,0x000000facc600000)]
  0x00000296405eb800 JavaThread "Cache worker for execution history cache (C:\Users\Asus\AndroidStudioProjects\Zadanie6\.gradle\7.0.2\executionHistory)" [_thread_blocked, id=18776, stack(0x000000facc600000,0x000000facc700000)]
  0x00000296405f5800 JavaThread "Cache worker for Java compile cache (C:\Users\Asus\AndroidStudioProjects\Zadanie6\.gradle\7.0.2\javaCompile)" [_thread_blocked, id=17676, stack(0x000000facc800000,0x000000facc900000)]
  0x00000296405f6000 JavaThread "WorkerExecutor Queue" [_thread_blocked, id=4516, stack(0x000000facc900000,0x000000facca00000)]
  0x00000296405f3000 JavaThread "WorkerExecutor Queue Thread 2" [_thread_blocked, id=13616, stack(0x000000facca00000,0x000000faccb00000)]
  0x00000296405f2000 JavaThread "WorkerExecutor Queue Thread 3" [_thread_blocked, id=4964, stack(0x000000faccb00000,0x000000faccc00000)]
  0x000002963e1c0800 JavaThread "WorkerExecutor Queue Thread 4" [_thread_blocked, id=13532, stack(0x000000faccc00000,0x000000faccd00000)]

Other Threads:
  0x000002963cb74000 VMThread "VM Thread" [stack: 0x000000fac9500000,0x000000fac9600000] [id=8520]
  0x000002963d667800 WatcherThread [stack: 0x000000fac9f00000,0x000000faca000000] [id=18612]
  0x0000029622ff6800 GCTaskThread "GC Thread#0" [stack: 0x000000fac9000000,0x000000fac9100000] [id=14992]
  0x000002963d8c5800 GCTaskThread "GC Thread#1" [stack: 0x000000faca000000,0x000000faca100000] [id=20944]
  0x00000296404a3000 GCTaskThread "GC Thread#2" [stack: 0x000000facab00000,0x000000facac00000] [id=20892]
  0x000002963ebb5000 GCTaskThread "GC Thread#3" [stack: 0x000000facac00000,0x000000facad00000] [id=19908]
  0x0000029623027800 ConcurrentGCThread "G1 Main Marker" [stack: 0x000000fac9100000,0x000000fac9200000] [id=19924]
  0x0000029623029800 ConcurrentGCThread "G1 Conc#0" [stack: 0x000000fac9200000,0x000000fac9300000] [id=4056]
  0x0000029623082800 ConcurrentGCThread "G1 Refine#0" [stack: 0x000000fac9300000,0x000000fac9400000] [id=2580]
  0x0000029623083800 ConcurrentGCThread "G1 Young RemSet Sampling" [stack: 0x000000fac9400000,0x000000fac9500000] [id=22608]

Threads with active compile tasks:
C2 CompilerThread0 282085 14293       4       java.lang.reflect.Method::invoke (65 bytes)
C1 CompilerThread0 282086 14475       3       kotlin.reflect.jvm.internal.impl.descriptors.runtime.structure.ReflectClassUtilKt::getClassId (195 bytes)

VM state:at safepoint (normal execution)

VM Mutex/Monitor currently owned by a thread:  ([mutex/lock_event])
[0x0000029622fd9980] Threads_lock - owner thread: 0x000002963cb74000
[0x0000029622fda3a0] Heap_lock - owner thread: 0x00000296405f0800

Heap address: 0x0000000080000000, size: 2048 MB, Compressed Oops mode: 32-bit
Narrow klass base: 0x0000000000000000, Narrow klass shift: 3
Compressed class space size: 1073741824 Address: 0x0000000100000000

Heap:
 garbage-first heap   total 275456K, used 93859K [0x0000000080000000, 0x0000000100000000)
  region size 1024K, 2 young (2048K), 2 survivors (2048K)
 Metaspace       used 108504K, capacity 111601K, committed 111948K, reserved 1146880K
  class space    used 14170K, capacity 15326K, committed 15436K, reserved 1048576K
Heap Regions: E=young(eden), S=young(survivor), O=old, HS=humongous(starts), HC=humongous(continues), CS=collection set, F=free, A=archive, TAMS=top-at-mark-start (previous, next)
|   0|0x0000000080000000, 0x0000000080100000, 0x0000000080100000|100%| O|  |TAMS 0x0000000080100000, 0x0000000080000000| Untracked 
|   1|0x0000000080100000, 0x0000000080200000, 0x0000000080200000|100%| O|  |TAMS 0x0000000080200000, 0x0000000080100000| Untracked 
|   2|0x0000000080200000, 0x0000000080300000, 0x0000000080300000|100%| O|  |TAMS 0x0000000080300000, 0x0000000080200000| Untracked 
|   3|0x0000000080300000, 0x0000000080400000, 0x0000000080400000|100%|HS|  |TAMS 0x0000000080400000, 0x0000000080300000| Complete 
|   4|0x0000000080400000, 0x0000000080500000, 0x0000000080500000|100%|HC|  |TAMS 0x0000000080500000, 0x0000000080400000| Complete 
|   5|0x0000000080500000, 0x0000000080600000, 0x0000000080600000|100%|HC|  |TAMS 0x0000000080600000, 0x0000000080500000| Complete 
|   6|0x0000000080600000, 0x0000000080700000, 0x0000000080700000|100%| O|  |TAMS 0x0000000080700000, 0x0000000080600000| Untracked 
|   7|0x0000000080700000, 0x0000000080800000, 0x0000000080800000|100%| O|  |TAMS 0x0000000080800000, 0x0000000080700000| Untracked 
|   8|0x0000000080800000, 0x0000000080900000, 0x0000000080900000|100%| O|  |TAMS 0x0000000080900000, 0x0000000080800000| Untracked 
|   9|0x0000000080900000, 0x0000000080a00000, 0x0000000080a00000|100%| O|  |TAMS 0x0000000080a00000, 0x0000000080900000| Untracked 
|  10|0x0000000080a00000, 0x0000000080b00000, 0x0000000080b00000|100%| O|  |TAMS 0x0000000080b00000, 0x0000000080a00000| Untracked 
|  11|0x0000000080b00000, 0x0000000080c00000, 0x0000000080c00000|100%| O|  |TAMS 0x0000000080c00000, 0x0000000080b00000| Untracked 
|  12|0x0000000080c00000, 0x0000000080d00000, 0x0000000080d00000|100%| O|  |TAMS 0x0000000080d00000, 0x0000000080c00000| Untracked 
|  13|0x0000000080d00000, 0x0000000080e00000, 0x0000000080e00000|100%| O|  |TAMS 0x0000000080e00000, 0x0000000080d00000| Untracked 
|  14|0x0000000080e00000, 0x0000000080f00000, 0x0000000080f00000|100%| O|  |TAMS 0x0000000080f00000, 0x0000000080e00000| Untracked 
|  15|0x0000000080f00000, 0x0000000081000000, 0x0000000081000000|100%| O|  |TAMS 0x0000000081000000, 0x0000000080f00000| Untracked 
|  16|0x0000000081000000, 0x0000000081100000, 0x0000000081100000|100%| O|  |TAMS 0x0000000081100000, 0x0000000081000000| Untracked 
|  17|0x0000000081100000, 0x0000000081200000, 0x0000000081200000|100%| O|  |TAMS 0x0000000081200000, 0x0000000081100000| Untracked 
|  18|0x0000000081200000, 0x0000000081300000, 0x0000000081300000|100%| O|  |TAMS 0x0000000081300000, 0x0000000081200000| Untracked 
|  19|0x0000000081300000, 0x0000000081400000, 0x0000000081400000|100%| O|  |TAMS 0x0000000081400000, 0x0000000081300000| Untracked 
|  20|0x0000000081400000, 0x0000000081500000, 0x0000000081500000|100%| O|  |TAMS 0x0000000081500000, 0x0000000081400000| Untracked 
|  21|0x0000000081500000, 0x0000000081600000, 0x0000000081600000|100%|HS|  |TAMS 0x0000000081600000, 0x0000000081500000| Complete 
|  22|0x0000000081600000, 0x0000000081700000, 0x0000000081700000|100%|HC|  |TAMS 0x0000000081700000, 0x0000000081600000| Complete 
|  23|0x0000000081700000, 0x0000000081800000, 0x0000000081800000|100%| O|  |TAMS 0x0000000081800000, 0x0000000081700000| Untracked 
|  24|0x0000000081800000, 0x0000000081900000, 0x0000000081900000|100%| O|  |TAMS 0x0000000081900000, 0x0000000081800000| Untracked 
|  25|0x0000000081900000, 0x0000000081a00000, 0x0000000081a00000|100%| O|  |TAMS 0x0000000081a00000, 0x0000000081900000| Untracked 
|  26|0x0000000081a00000, 0x0000000081b00000, 0x0000000081b00000|100%| O|  |TAMS 0x0000000081b00000, 0x0000000081a00000| Untracked 
|  27|0x0000000081b00000, 0x0000000081c00000, 0x0000000081c00000|100%| O|  |TAMS 0x0000000081c00000, 0x0000000081b00000| Untracked 
|  28|0x0000000081c00000, 0x0000000081d00000, 0x0000000081d00000|100%|HS|  |TAMS 0x0000000081d00000, 0x0000000081c00000| Complete 
|  29|0x0000000081d00000, 0x0000000081e00000, 0x0000000081e00000|100%| O|  |TAMS 0x0000000081e00000, 0x0000000081d00000| Untracked 
|  30|0x0000000081e00000, 0x0000000081f00000, 0x0000000081f00000|100%|HS|  |TAMS 0x0000000081f00000, 0x0000000081e00000| Complete 
|  31|0x0000000081f00000, 0x0000000082000000, 0x0000000082000000|100%|HS|  |TAMS 0x0000000082000000, 0x0000000081f00000| Complete 
|  32|0x0000000082000000, 0x0000000082100000, 0x0000000082100000|100%|HC|  |TAMS 0x0000000082100000, 0x0000000082000000| Complete 
|  33|0x0000000082100000, 0x0000000082200000, 0x0000000082200000|100%| O|  |TAMS 0x0000000082200000, 0x0000000082100000| Untracked 
|  34|0x0000000082200000, 0x0000000082300000, 0x0000000082300000|100%| O|  |TAMS 0x0000000082300000, 0x0000000082200000| Untracked 
|  35|0x0000000082300000, 0x0000000082400000, 0x0000000082400000|100%| O|  |TAMS 0x0000000082400000, 0x0000000082300000| Untracked 
|  36|0x0000000082400000, 0x0000000082500000, 0x0000000082500000|100%| O|  |TAMS 0x0000000082500000, 0x0000000082400000| Untracked 
|  37|0x0000000082500000, 0x0000000082600000, 0x0000000082600000|100%| O|  |TAMS 0x0000000082600000, 0x0000000082500000| Untracked 
|  38|0x0000000082600000, 0x0000000082700000, 0x0000000082700000|100%| O|  |TAMS 0x0000000082700000, 0x0000000082600000| Untracked 
|  39|0x0000000082700000, 0x0000000082800000, 0x0000000082800000|100%| O|  |TAMS 0x0000000082800000, 0x0000000082700000| Untracked 
|  40|0x0000000082800000, 0x0000000082900000, 0x0000000082900000|100%| O|  |TAMS 0x0000000082900000, 0x0000000082800000| Untracked 
|  41|0x0000000082900000, 0x0000000082a00000, 0x0000000082a00000|100%| O|  |TAMS 0x0000000082a00000, 0x0000000082900000| Untracked 
|  42|0x0000000082a00000, 0x0000000082b00000, 0x0000000082b00000|100%| O|  |TAMS 0x0000000082b00000, 0x0000000082a00000| Untracked 
|  43|0x0000000082b00000, 0x0000000082c00000, 0x0000000082c00000|100%| O|  |TAMS 0x0000000082c00000, 0x0000000082b00000| Untracked 
|  44|0x0000000082c00000, 0x0000000082d00000, 0x0000000082d00000|100%| O|  |TAMS 0x0000000082d00000, 0x0000000082c00000| Untracked 
|  45|0x0000000082d00000, 0x0000000082e00000, 0x0000000082e00000|100%| O|  |TAMS 0x0000000082e00000, 0x0000000082d00000| Untracked 
|  46|0x0000000082e00000, 0x0000000082f00000, 0x0000000082f00000|100%| O|  |TAMS 0x0000000082f00000, 0x0000000082e00000| Untracked 
|  47|0x0000000082f00000, 0x0000000083000000, 0x0000000083000000|100%| O|  |TAMS 0x0000000083000000, 0x0000000082f00000| Untracked 
|  48|0x0000000083000000, 0x0000000083100000, 0x0000000083100000|100%| O|  |TAMS 0x0000000083100000, 0x0000000083000000| Untracked 
|  49|0x0000000083100000, 0x0000000083200000, 0x0000000083200000|100%| O|  |TAMS 0x0000000083200000, 0x0000000083100000| Untracked 
|  50|0x0000000083200000, 0x0000000083300000, 0x0000000083300000|100%| O|  |TAMS 0x0000000083300000, 0x0000000083200000| Untracked 
|  51|0x0000000083300000, 0x0000000083400000, 0x0000000083400000|100%| O|  |TAMS 0x0000000083400000, 0x0000000083300000| Untracked 
|  52|0x0000000083400000, 0x0000000083500000, 0x0000000083500000|100%| O|  |TAMS 0x0000000083500000, 0x0000000083400000| Untracked 
|  53|0x0000000083500000, 0x0000000083600000, 0x0000000083600000|100%| O|  |TAMS 0x0000000083600000, 0x0000000083500000| Untracked 
|  54|0x0000000083600000, 0x0000000083700000, 0x0000000083700000|100%| O|  |TAMS 0x0000000083700000, 0x0000000083600000| Untracked 
|  55|0x0000000083700000, 0x0000000083800000, 0x0000000083800000|100%| O|  |TAMS 0x0000000083800000, 0x0000000083700000| Untracked 
|  56|0x0000000083800000, 0x0000000083900000, 0x0000000083900000|100%| O|  |TAMS 0x0000000083800000, 0x0000000083800000| Untracked 
|  57|0x0000000083900000, 0x0000000083a00000, 0x0000000083a00000|100%| O|  |TAMS 0x0000000083a00000, 0x0000000083900000| Untracked 
|  58|0x0000000083a00000, 0x0000000083b00000, 0x0000000083b00000|100%| O|  |TAMS 0x0000000083b00000, 0x0000000083a00000| Untracked 
|  59|0x0000000083b00000, 0x0000000083c00000, 0x0000000083c00000|100%| O|  |TAMS 0x0000000083c00000, 0x0000000083b00000| Untracked 
|  60|0x0000000083c00000, 0x0000000083d00000, 0x0000000083d00000|100%| O|  |TAMS 0x0000000083d00000, 0x0000000083c00000| Untracked 
|  61|0x0000000083d00000, 0x0000000083e00000, 0x0000000083e00000|100%| O|  |TAMS 0x0000000083e00000, 0x0000000083d00000| Untracked 
|  62|0x0000000083e00000, 0x0000000083f00000, 0x0000000083f00000|100%| O|  |TAMS 0x0000000083f00000, 0x0000000083e00000| Untracked 
|  63|0x0000000083f00000, 0x0000000084000000, 0x0000000084000000|100%| O|  |TAMS 0x0000000083f00000, 0x0000000083f00000| Untracked 
|  64|0x0000000084000000, 0x0000000084100000, 0x0000000084100000|100%| O|  |TAMS 0x0000000084000000, 0x0000000084000000| Untracked 
|  65|0x0000000084100000, 0x0000000084200000, 0x0000000084200000|100%| O|  |TAMS 0x0000000084200000, 0x0000000084100000| Untracked 
|  66|0x0000000084200000, 0x0000000084300000, 0x0000000084300000|100%| O|  |TAMS 0x0000000084300000, 0x0000000084200000| Untracked 
|  67|0x0000000084300000, 0x0000000084400000, 0x0000000084400000|100%| O|  |TAMS 0x0000000084400000, 0x0000000084300000| Untracked 
|  68|0x0000000084400000, 0x0000000084500000, 0x0000000084500000|100%| O|  |TAMS 0x0000000084400000, 0x0000000084400000| Untracked 
|  69|0x0000000084500000, 0x0000000084600000, 0x0000000084600000|100%| O|  |TAMS 0x0000000084500000, 0x0000000084500000| Untracked 
|  70|0x0000000084600000, 0x00000000846b8c00, 0x0000000084700000| 72%| O|  |TAMS 0x0000000084600000, 0x0000000084600000| Untracked 
|  71|0x0000000084700000, 0x0000000084700000, 0x0000000084800000|  0%| F|  |TAMS 0x0000000084700000, 0x0000000084700000| Untracked 
|  72|0x0000000084800000, 0x0000000084900000, 0x0000000084900000|100%| O|  |TAMS 0x0000000084900000, 0x0000000084800000| Untracked 
|  73|0x0000000084900000, 0x0000000084a00000, 0x0000000084a00000|100%| O|  |TAMS 0x0000000084a00000, 0x0000000084900000| Untracked 
|  74|0x0000000084a00000, 0x0000000084a00000, 0x0000000084b00000|  0%| F|  |TAMS 0x0000000084a00000, 0x0000000084a00000| Untracked 
|  75|0x0000000084b00000, 0x0000000084c00000, 0x0000000084c00000|100%| O|  |TAMS 0x0000000084c00000, 0x0000000084b00000| Untracked 
|  76|0x0000000084c00000, 0x0000000084c00000, 0x0000000084d00000|  0%| F|  |TAMS 0x0000000084c00000, 0x0000000084c00000| Untracked 
|  77|0x0000000084d00000, 0x0000000084d00000, 0x0000000084e00000|  0%| F|  |TAMS 0x0000000084d00000, 0x0000000084d00000| Untracked 
|  78|0x0000000084e00000, 0x0000000084f00000, 0x0000000084f00000|100%| O|  |TAMS 0x0000000084f00000, 0x0000000084e00000| Untracked 
|  79|0x0000000084f00000, 0x0000000085000000, 0x0000000085000000|100%| O|  |TAMS 0x0000000085000000, 0x0000000084f00000| Untracked 
|  80|0x0000000085000000, 0x0000000085000000, 0x0000000085100000|  0%| F|  |TAMS 0x0000000085000000, 0x0000000085000000| Untracked 
|  81|0x0000000085100000, 0x0000000085100000, 0x0000000085200000|  0%| F|  |TAMS 0x0000000085100000, 0x0000000085100000| Untracked 
|  82|0x0000000085200000, 0x0000000085300000, 0x0000000085300000|100%| O|  |TAMS 0x0000000085300000, 0x0000000085200000| Untracked 
|  83|0x0000000085300000, 0x0000000085400000, 0x0000000085400000|100%| O|  |TAMS 0x0000000085400000, 0x0000000085300000| Untracked 
|  84|0x0000000085400000, 0x0000000085400000, 0x0000000085500000|  0%| F|  |TAMS 0x0000000085400000, 0x0000000085400000| Untracked 
|  85|0x0000000085500000, 0x0000000085500000, 0x0000000085600000|  0%| F|  |TAMS 0x0000000085500000, 0x0000000085500000| Untracked 
|  86|0x0000000085600000, 0x0000000085700000, 0x0000000085700000|100%| O|  |TAMS 0x0000000085700000, 0x0000000085600000| Untracked 
|  87|0x0000000085700000, 0x0000000085700000, 0x0000000085800000|  0%| F|  |TAMS 0x0000000085700000, 0x0000000085700000| Untracked 
|  88|0x0000000085800000, 0x0000000085900000, 0x0000000085900000|100%| O|  |TAMS 0x0000000085900000, 0x0000000085800000| Untracked 
|  89|0x0000000085900000, 0x0000000085900000, 0x0000000085a00000|  0%| F|  |TAMS 0x0000000085900000, 0x0000000085900000| Untracked 
|  90|0x0000000085a00000, 0x0000000085a00000, 0x0000000085b00000|  0%| F|  |TAMS 0x0000000085a00000, 0x0000000085a00000| Untracked 
|  91|0x0000000085b00000, 0x0000000085c00000, 0x0000000085c00000|100%| O|  |TAMS 0x0000000085c00000, 0x0000000085b00000| Untracked 
|  92|0x0000000085c00000, 0x0000000085d00000, 0x0000000085d00000|100%| O|  |TAMS 0x0000000085d00000, 0x0000000085c00000| Untracked 
|  93|0x0000000085d00000, 0x0000000085e00000, 0x0000000085e00000|100%| O|  |TAMS 0x0000000085e00000, 0x0000000085d00000| Untracked 
|  94|0x0000000085e00000, 0x0000000085f00000, 0x0000000085f00000|100%| O|  |TAMS 0x0000000085f00000, 0x0000000085e00000| Untracked 
|  95|0x0000000085f00000, 0x0000000086000000, 0x0000000086000000|100%| O|  |TAMS 0x0000000086000000, 0x0000000085f00000| Untracked 
|  96|0x0000000086000000, 0x0000000086100000, 0x0000000086100000|100%| O|  |TAMS 0x0000000086100000, 0x0000000086000000| Untracked 
|  97|0x0000000086100000, 0x0000000086200000, 0x0000000086200000|100%| O|  |TAMS 0x0000000086200000, 0x0000000086100000| Untracked 
|  98|0x0000000086200000, 0x0000000086300000, 0x0000000086300000|100%| O|  |TAMS 0x0000000086300000, 0x0000000086200000| Untracked 
|  99|0x0000000086300000, 0x0000000086400000, 0x0000000086400000|100%| O|  |TAMS 0x0000000086400000, 0x0000000086300000| Untracked 
| 100|0x0000000086400000, 0x0000000086500000, 0x0000000086500000|100%| O|  |TAMS 0x0000000086491800, 0x0000000086400000| Untracked 
| 101|0x0000000086500000, 0x0000000086500000, 0x0000000086600000|  0%| F|  |TAMS 0x0000000086500000, 0x0000000086500000| Untracked 
| 102|0x0000000086600000, 0x0000000086600000, 0x0000000086700000|  0%| F|  |TAMS 0x0000000086600000, 0x0000000086600000| Untracked 
| 103|0x0000000086700000, 0x0000000086700000, 0x0000000086800000|  0%| F|  |TAMS 0x0000000086700000, 0x0000000086700000| Untracked 
| 104|0x0000000086800000, 0x0000000086800000, 0x0000000086900000|  0%| F|  |TAMS 0x0000000086800000, 0x0000000086800000| Untracked 
| 105|0x0000000086900000, 0x0000000086900000, 0x0000000086a00000|  0%| F|  |TAMS 0x0000000086900000, 0x0000000086900000| Untracked 
| 106|0x0000000086a00000, 0x0000000086a00000, 0x0000000086b00000|  0%| F|  |TAMS 0x0000000086a00000, 0x0000000086a00000| Untracked 
| 107|0x0000000086b00000, 0x0000000086b00000, 0x0000000086c00000|  0%| F|  |TAMS 0x0000000086b00000, 0x0000000086b00000| Untracked 
| 108|0x0000000086c00000, 0x0000000086c00000, 0x0000000086d00000|  0%| F|  |TAMS 0x0000000086c00000, 0x0000000086c00000| Untracked 
| 109|0x0000000086d00000, 0x0000000086d00000, 0x0000000086e00000|  0%| F|  |TAMS 0x0000000086d00000, 0x0000000086d00000| Untracked 
| 110|0x0000000086e00000, 0x0000000086e00000, 0x0000000086f00000|  0%| F|  |TAMS 0x0000000086e00000, 0x0000000086e00000| Untracked 
| 111|0x0000000086f00000, 0x0000000086f00000, 0x0000000087000000|  0%| F|  |TAMS 0x0000000086f00000, 0x0000000086f00000| Untracked 
| 112|0x0000000087000000, 0x0000000087000000, 0x0000000087100000|  0%| F|  |TAMS 0x0000000087000000, 0x0000000087000000| Untracked 
| 113|0x0000000087100000, 0x0000000087100000, 0x0000000087200000|  0%| F|  |TAMS 0x0000000087100000, 0x0000000087100000| Untracked 
| 114|0x0000000087200000, 0x0000000087200000, 0x0000000087300000|  0%| F|  |TAMS 0x0000000087200000, 0x0000000087200000| Untracked 
| 115|0x0000000087300000, 0x0000000087300000, 0x0000000087400000|  0%| F|  |TAMS 0x0000000087300000, 0x0000000087300000| Untracked 
| 116|0x0000000087400000, 0x0000000087400000, 0x0000000087500000|  0%| F|  |TAMS 0x0000000087400000, 0x0000000087400000| Untracked 
| 117|0x0000000087500000, 0x0000000087500000, 0x0000000087600000|  0%| F|  |TAMS 0x0000000087500000, 0x0000000087500000| Untracked 
| 118|0x0000000087600000, 0x0000000087600000, 0x0000000087700000|  0%| F|  |TAMS 0x0000000087600000, 0x0000000087600000| Untracked 
| 119|0x0000000087700000, 0x0000000087700000, 0x0000000087800000|  0%| F|  |TAMS 0x0000000087700000, 0x0000000087700000| Untracked 
| 120|0x0000000087800000, 0x0000000087800000, 0x0000000087900000|  0%| F|  |TAMS 0x0000000087800000, 0x0000000087800000| Untracked 
| 121|0x0000000087900000, 0x0000000087900000, 0x0000000087a00000|  0%| F|  |TAMS 0x0000000087900000, 0x0000000087900000| Untracked 
| 122|0x0000000087a00000, 0x0000000087a00000, 0x0000000087b00000|  0%| F|  |TAMS 0x0000000087a00000, 0x0000000087a00000| Untracked 
| 123|0x0000000087b00000, 0x0000000087b00000, 0x0000000087c00000|  0%| F|  |TAMS 0x0000000087b00000, 0x0000000087b00000| Untracked 
| 124|0x0000000087c00000, 0x0000000087c00000, 0x0000000087d00000|  0%| F|  |TAMS 0x0000000087c00000, 0x0000000087c00000| Untracked 
| 125|0x0000000087d00000, 0x0000000087d00000, 0x0000000087e00000|  0%| F|  |TAMS 0x0000000087d00000, 0x0000000087d00000| Untracked 
| 126|0x0000000087e00000, 0x0000000087e00000, 0x0000000087f00000|  0%| F|  |TAMS 0x0000000087e00000, 0x0000000087e00000| Untracked 
| 127|0x0000000087f00000, 0x0000000087f00000, 0x0000000088000000|  0%| F|  |TAMS 0x0000000087f00000, 0x0000000087f00000| Untracked 
| 128|0x0000000088000000, 0x0000000088000000, 0x0000000088100000|  0%| F|  |TAMS 0x0000000088000000, 0x0000000088000000| Untracked 
| 129|0x0000000088100000, 0x0000000088100000, 0x0000000088200000|  0%| F|  |TAMS 0x0000000088100000, 0x0000000088100000| Untracked 
| 130|0x0000000088200000, 0x0000000088200000, 0x0000000088300000|  0%| F|  |TAMS 0x0000000088200000, 0x0000000088200000| Untracked 
| 131|0x0000000088300000, 0x0000000088300000, 0x0000000088400000|  0%| F|  |TAMS 0x0000000088300000, 0x0000000088300000| Untracked 
| 132|0x0000000088400000, 0x0000000088400000, 0x0000000088500000|  0%| F|  |TAMS 0x0000000088400000, 0x0000000088400000| Untracked 
| 133|0x0000000088500000, 0x0000000088500000, 0x0000000088600000|  0%| F|  |TAMS 0x0000000088500000, 0x0000000088500000| Untracked 
| 134|0x0000000088600000, 0x0000000088600000, 0x0000000088700000|  0%| F|  |TAMS 0x0000000088600000, 0x0000000088600000| Untracked 
| 135|0x0000000088700000, 0x0000000088700000, 0x0000000088800000|  0%| F|  |TAMS 0x0000000088700000, 0x0000000088700000| Untracked 
| 136|0x0000000088800000, 0x0000000088800000, 0x0000000088900000|  0%| F|  |TAMS 0x0000000088800000, 0x0000000088800000| Untracked 
| 137|0x0000000088900000, 0x0000000088900000, 0x0000000088a00000|  0%| F|  |TAMS 0x0000000088900000, 0x0000000088900000| Untracked 
| 138|0x0000000088a00000, 0x0000000088a00000, 0x0000000088b00000|  0%| F|  |TAMS 0x0000000088a00000, 0x0000000088a00000| Untracked 
| 139|0x0000000088b00000, 0x0000000088b00000, 0x0000000088c00000|  0%| F|  |TAMS 0x0000000088b00000, 0x0000000088b00000| Untracked 
| 140|0x0000000088c00000, 0x0000000088c00000, 0x0000000088d00000|  0%| F|  |TAMS 0x0000000088c00000, 0x0000000088c00000| Untracked 
| 141|0x0000000088d00000, 0x0000000088d00000, 0x0000000088e00000|  0%| F|  |TAMS 0x0000000088d00000, 0x0000000088d00000| Untracked 
| 142|0x0000000088e00000, 0x0000000088ef0360, 0x0000000088f00000| 93%| S|CS|TAMS 0x0000000088e00000, 0x0000000088e00000| Complete 
| 143|0x0000000088f00000, 0x0000000089000000, 0x0000000089000000|100%| S|CS|TAMS 0x0000000088f00000, 0x0000000088f00000| Complete 
| 144|0x0000000089000000, 0x0000000089000000, 0x0000000089100000|  0%| F|  |TAMS 0x0000000089000000, 0x0000000089000000| Untracked 
| 145|0x0000000089100000, 0x0000000089100000, 0x0000000089200000|  0%| F|  |TAMS 0x0000000089100000, 0x0000000089100000| Untracked 
| 146|0x0000000089200000, 0x0000000089200000, 0x0000000089300000|  0%| F|  |TAMS 0x0000000089200000, 0x0000000089200000| Untracked 
| 147|0x0000000089300000, 0x0000000089300000, 0x0000000089400000|  0%| F|  |TAMS 0x0000000089300000, 0x0000000089300000| Untracked 
| 148|0x0000000089400000, 0x0000000089400000, 0x0000000089500000|  0%| F|  |TAMS 0x0000000089400000, 0x0000000089400000| Untracked 
| 149|0x0000000089500000, 0x0000000089500000, 0x0000000089600000|  0%| F|  |TAMS 0x0000000089500000, 0x0000000089500000| Untracked 
| 150|0x0000000089600000, 0x0000000089600000, 0x0000000089700000|  0%| F|  |TAMS 0x0000000089600000, 0x0000000089600000| Untracked 
| 151|0x0000000089700000, 0x0000000089700000, 0x0000000089800000|  0%| F|  |TAMS 0x0000000089700000, 0x0000000089700000| Untracked 
| 152|0x0000000089800000, 0x0000000089800000, 0x0000000089900000|  0%| F|  |TAMS 0x0000000089800000, 0x0000000089800000| Untracked 
| 153|0x0000000089900000, 0x0000000089900000, 0x0000000089a00000|  0%| F|  |TAMS 0x0000000089900000, 0x0000000089900000| Untracked 
| 154|0x0000000089a00000, 0x0000000089a00000, 0x0000000089b00000|  0%| F|  |TAMS 0x0000000089a00000, 0x0000000089a00000| Untracked 
| 155|0x0000000089b00000, 0x0000000089b00000, 0x0000000089c00000|  0%| F|  |TAMS 0x0000000089b00000, 0x0000000089b00000| Untracked 

Card table byte_map: [0x0000029635ed0000,0x00000296362d0000] _byte_map_base: 0x0000029635ad0000

Marking Bits (Prev, Next): (CMBitMap*) 0x000002962301e878, (CMBitMap*) 0x000002962301e8b0
 Prev Bits: [0x00000296366d0000, 0x00000296386d0000)
 Next Bits: [0x00000296386d0000, 0x000002963a6d0000)

Polling page: 0x0000029620f50000

Metaspace:

Usage:
  Non-class:     94.02 MB capacity,    92.12 MB ( 98%) used,     1.55 MB (  2%) free+waste,   355.06 KB ( <1%) overhead. 
      Class:     14.97 MB capacity,    13.84 MB ( 92%) used,   994.30 KB (  6%) free+waste,   161.31 KB (  1%) overhead. 
       Both:    108.99 MB capacity,   105.96 MB ( 97%) used,     2.52 MB (  2%) free+waste,   516.38 KB ( <1%) overhead. 

Virtual space:
  Non-class space:       96.00 MB reserved,      94.25 MB ( 98%) committed 
      Class space:        1.00 GB reserved,      15.07 MB (  1%) committed 
             Both:        1.09 GB reserved,     109.32 MB ( 10%) committed 

Chunk freelists:
   Non-Class:  45.00 KB
       Class:  2.00 KB
        Both:  47.00 KB

MaxMetaspaceSize: 17179869184.00 GB
CompressedClassSpaceSize: 1.00 GB

CodeHeap 'non-profiled nmethods': size=120064Kb used=9356Kb max_used=9356Kb free=110707Kb
 bounds [0x000002962e590000, 0x000002962eec0000, 0x0000029635ad0000]
CodeHeap 'profiled nmethods': size=120000Kb used=32021Kb max_used=32021Kb free=87978Kb
 bounds [0x0000029627060000, 0x0000029628fb0000, 0x000002962e590000]
CodeHeap 'non-nmethods': size=5696Kb used=2329Kb max_used=2371Kb free=3366Kb
 bounds [0x0000029626ad0000, 0x0000029626d40000, 0x0000029627060000]
 total_blobs=15269 nmethods=14323 adapters=857
 compilation: enabled
              stopped_count=0, restarted_count=0
 full_count=0

Compilation events (20 events):
Event: 281.031 Thread 0x000002963cbe7000 nmethod 14374 0x0000029628f5b790 code [0x0000029628f5ba80, 0x0000029628f5c818]
Event: 281.031 Thread 0x000002963cbe7000 14375       3       kotlin.collections.ArraysKt___ArraysKt::getLastIndex (12 bytes)
Event: 281.035 Thread 0x000002963cbe7000 nmethod 14375 0x0000029628f5cd10 code [0x0000029628f5cf40, 0x0000029628f5d4b8]
Event: 281.035 Thread 0x000002963cbe7000 14379       3       kotlin.reflect.jvm.internal.impl.storage.LockBasedStorageManager$LockBasedNotNullLazyValue::<init> (23 bytes)
Event: 281.035 Thread 0x000002963cbe7000 nmethod 14379 0x0000029628f5d710 code [0x0000029628f5d8e0, 0x0000029628f5db08]
Event: 281.035 Thread 0x000002963cbe7000 14380       3       kotlin.reflect.jvm.internal.impl.storage.LockBasedStorageManager::createLazyValue (19 bytes)
Event: 281.036 Thread 0x000002963cbe7000 nmethod 14380 0x0000029628f5dc10 code [0x0000029628f5de00, 0x0000029628f5e0e8]
Event: 281.036 Thread 0x000002963cbe7000 14373       3       kotlin.reflect.jvm.internal.impl.metadata.deserialization.Flags$EnumLiteFlagField::get (6 bytes)
Event: 281.036 Thread 0x000002963cbe7000 nmethod 14373 0x0000029628f5e210 code [0x0000029628f5e3c0, 0x0000029628f5e508]
Event: 281.036 Thread 0x000002963cbe7000 14372       3       kotlin.reflect.jvm.internal.pcollections.HashPMap::getEntries (22 bytes)
Event: 281.036 Thread 0x000002963cbe7000 nmethod 14372 0x0000029628f5e590 code [0x0000029628f5e760, 0x0000029628f5eaa8]
Event: 281.036 Thread 0x000002963cbe7000 14376       1       kotlin.reflect.jvm.internal.impl.serialization.deserialization.DeserializationContext::getNameResolver (5 bytes)
Event: 281.036 Thread 0x000002963cbe7000 nmethod 14376 0x000002962eeb1c10 code [0x000002962eeb1dc0, 0x000002962eeb1e78]
Event: 281.036 Thread 0x000002963cbe7000 14377       1       kotlin.reflect.jvm.internal.impl.protobuf.GeneratedMessageLite$Builder::getUnknownFields (5 bytes)
Event: 281.037 Thread 0x000002963cbe7000 nmethod 14377 0x000002962eeb1f10 code [0x000002962eeb20c0, 0x000002962eeb2178]
Event: 281.038 Thread 0x000002963cbe7000 14378       1       kotlin.reflect.jvm.internal.impl.protobuf.WireFormat$FieldType::getWireType (5 bytes)
Event: 281.038 Thread 0x000002963cbe7000 nmethod 14378 0x000002962eeb2210 code [0x000002962eeb23c0, 0x000002962eeb2478]
Event: 281.038 Thread 0x000002963cbe7000 14381       3       kotlin.text.StringsKt__StringsKt::lastIndexOf$default (29 bytes)
Event: 281.041 Thread 0x000002963cbe7000 nmethod 14381 0x0000029628f5ec10 code [0x0000029628f5ee60, 0x0000029628f5f5f8]
Event: 281.041 Thread 0x000002963cbe7000 14389   !   3       kotlin.reflect.jvm.internal.impl.metadata.jvm.JvmProtoBuf$StringTableTypes$Record::<init> (759 bytes)

GC Heap History (20 events):
Event: 240.074 GC heap before
{Heap before GC invocations=62 (full 0):
 garbage-first heap   total 159744K, used 115536K [0x0000000080000000, 0x0000000100000000)
  region size 1024K, 26 young (26624K), 3 survivors (3072K)
 Metaspace       used 91804K, capacity 94309K, committed 95692K, reserved 1132544K
  class space    used 11661K, capacity 12552K, committed 12748K, reserved 1048576K
}
Event: 240.228 GC heap after
{Heap after GC invocations=63 (full 0):
 garbage-first heap   total 159744K, used 98835K [0x0000000080000000, 0x0000000100000000)
  region size 1024K, 4 young (4096K), 4 survivors (4096K)
 Metaspace       used 91804K, capacity 94309K, committed 95692K, reserved 1132544K
  class space    used 11661K, capacity 12552K, committed 12748K, reserved 1048576K
}
Event: 240.448 GC heap before
{Heap before GC invocations=63 (full 0):
 garbage-first heap   total 159744K, used 101907K [0x0000000080000000, 0x0000000100000000)
  region size 1024K, 7 young (7168K), 4 survivors (4096K)
 Metaspace       used 91907K, capacity 94351K, committed 95692K, reserved 1132544K
  class space    used 11670K, capacity 12591K, committed 12748K, reserved 1048576K
}
Event: 240.571 GC heap after
{Heap after GC invocations=64 (full 0):
 garbage-first heap   total 159744K, used 88646K [0x0000000080000000, 0x0000000100000000)
  region size 1024K, 1 young (1024K), 1 survivors (1024K)
 Metaspace       used 91907K, capacity 94351K, committed 95692K, reserved 1132544K
  class space    used 11670K, capacity 12591K, committed 12748K, reserved 1048576K
}
Event: 241.507 GC heap before
{Heap before GC invocations=64 (full 0):
 garbage-first heap   total 159744K, used 113222K [0x0000000080000000, 0x0000000100000000)
  region size 1024K, 26 young (26624K), 1 survivors (1024K)
 Metaspace       used 93241K, capacity 95637K, committed 95692K, reserved 1132544K
  class space    used 11819K, capacity 12720K, committed 12748K, reserved 1048576K
}
Event: 241.527 GC heap after
{Heap after GC invocations=65 (full 0):
 garbage-first heap   total 159744K, used 88843K [0x0000000080000000, 0x0000000100000000)
  region size 1024K, 2 young (2048K), 2 survivors (2048K)
 Metaspace       used 93241K, capacity 95637K, committed 95692K, reserved 1132544K
  class space    used 11819K, capacity 12720K, committed 12748K, reserved 1048576K
}
Event: 243.462 GC heap before
{Heap before GC invocations=66 (full 0):
 garbage-first heap   total 159744K, used 114443K [0x0000000080000000, 0x0000000100000000)
  region size 1024K, 28 young (28672K), 2 survivors (2048K)
 Metaspace       used 94725K, capacity 97264K, committed 97484K, reserved 1134592K
  class space    used 11993K, capacity 12935K, committed 13004K, reserved 1048576K
}
Event: 243.473 GC heap after
{Heap after GC invocations=67 (full 0):
 garbage-first heap   total 159744K, used 90360K [0x0000000080000000, 0x0000000100000000)
  region size 1024K, 3 young (3072K), 3 survivors (3072K)
 Metaspace       used 94725K, capacity 97264K, committed 97484K, reserved 1134592K
  class space    used 11993K, capacity 12935K, committed 13004K, reserved 1048576K
}
Event: 243.798 GC heap before
{Heap before GC invocations=67 (full 0):
 garbage-first heap   total 159744K, used 94456K [0x0000000080000000, 0x0000000100000000)
  region size 1024K, 7 young (7168K), 3 survivors (3072K)
 Metaspace       used 94806K, capacity 97445K, committed 97740K, reserved 1134592K
  class space    used 12012K, capacity 12950K, committed 13004K, reserved 1048576K
}
Event: 243.822 GC heap after
{Heap after GC invocations=68 (full 0):
 garbage-first heap   total 159744K, used 89803K [0x0000000080000000, 0x0000000100000000)
  region size 1024K, 1 young (1024K), 1 survivors (1024K)
 Metaspace       used 94806K, capacity 97445K, committed 97740K, reserved 1134592K
  class space    used 12012K, capacity 12950K, committed 13004K, reserved 1048576K
}
Event: 247.283 GC heap before
{Heap before GC invocations=68 (full 0):
 garbage-first heap   total 159744K, used 119499K [0x0000000080000000, 0x0000000100000000)
  region size 1024K, 31 young (31744K), 1 survivors (1024K)
 Metaspace       used 100613K, capacity 103282K, committed 103500K, reserved 1138688K
  class space    used 12860K, capacity 13855K, committed 13900K, reserved 1048576K
}
Event: 247.354 GC heap after
{Heap after GC invocations=69 (full 0):
 garbage-first heap   total 159744K, used 91067K [0x0000000080000000, 0x0000000100000000)
  region size 1024K, 2 young (2048K), 2 survivors (2048K)
 Metaspace       used 100613K, capacity 103282K, committed 103500K, reserved 1138688K
  class space    used 12860K, capacity 13855K, committed 13900K, reserved 1048576K
}
Event: 274.643 GC heap before
{Heap before GC invocations=69 (full 0):
 garbage-first heap   total 159744K, used 122811K [0x0000000080000000, 0x0000000100000000)
  region size 1024K, 34 young (34816K), 2 survivors (2048K)
 Metaspace       used 106095K, capacity 109136K, committed 109260K, reserved 1142784K
  class space    used 13875K, capacity 15038K, committed 15052K, reserved 1048576K
}
Event: 275.224 GC heap after
{Heap after GC invocations=70 (full 0):
 garbage-first heap   total 159744K, used 92091K [0x0000000080000000, 0x0000000100000000)
  region size 1024K, 3 young (3072K), 3 survivors (3072K)
 Metaspace       used 106095K, capacity 109136K, committed 109260K, reserved 1142784K
  class space    used 13875K, capacity 15038K, committed 15052K, reserved 1048576K
}
Event: 275.972 GC heap before
{Heap before GC invocations=70 (full 0):
 garbage-first heap   total 159744K, used 96187K [0x0000000080000000, 0x0000000100000000)
  region size 1024K, 7 young (7168K), 3 survivors (3072K)
 Metaspace       used 106324K, capacity 109360K, committed 109644K, reserved 1144832K
  class space    used 13905K, capacity 15070K, committed 15180K, reserved 1048576K
}
Event: 276.087 GC heap after
{Heap after GC invocations=71 (full 0):
 garbage-first heap   total 159744K, used 92301K [0x0000000080000000, 0x0000000100000000)
  region size 1024K, 1 young (1024K), 1 survivors (1024K)
 Metaspace       used 106324K, capacity 109360K, committed 109644K, reserved 1144832K
  class space    used 13905K, capacity 15070K, committed 15180K, reserved 1048576K
}
Event: 276.719 GC heap before
{Heap before GC invocations=71 (full 0):
 garbage-first heap   total 159744K, used 97421K [0x0000000080000000, 0x0000000100000000)
  region size 1024K, 7 young (7168K), 1 survivors (1024K)
 Metaspace       used 106752K, capacity 109808K, committed 109900K, reserved 1144832K
  class space    used 13970K, capacity 15134K, committed 15180K, reserved 1048576K
}
Event: 276.726 GC heap after
{Heap after GC invocations=72 (full 0):
 garbage-first heap   total 159744K, used 92071K [0x0000000080000000, 0x0000000100000000)
  region size 1024K, 1 young (1024K), 1 survivors (1024K)
 Metaspace       used 106752K, capacity 109808K, committed 109900K, reserved 1144832K
  class space    used 13970K, capacity 15134K, committed 15180K, reserved 1048576K
}
Event: 279.290 GC heap before
{Heap before GC invocations=72 (full 0):
 garbage-first heap   total 159744K, used 106407K [0x0000000080000000, 0x0000000100000000)
  region size 1024K, 15 young (15360K), 1 survivors (1024K)
 Metaspace       used 107864K, capacity 110896K, committed 111052K, reserved 1144832K
  class space    used 14111K, capacity 15262K, committed 15308K, reserved 1048576K
}
Event: 279.587 GC heap after
{Heap after GC invocations=73 (full 0):
 garbage-first heap   total 159744K, used 92159K [0x0000000080000000, 0x0000000100000000)
  region size 1024K, 1 young (1024K), 1 survivors (1024K)
 Metaspace       used 107864K, capacity 110896K, committed 111052K, reserved 1144832K
  class space    used 14111K, capacity 15262K, committed 15308K, reserved 1048576K
}

Deoptimization events (20 events):
Event: 263.851 Thread 0x00000296405f3000 Uncommon trap: trap_request=0xffffff4d fr.pc=0x000002962e8f815c relative=0x00000000000000bc
Event: 263.851 Thread 0x00000296405f3000 Uncommon trap: reason=unstable_if action=reinterpret pc=0x000002962e8f815c method=jdk.internal.misc.Unsafe.convEndian(ZS)S @ 4 c2
Event: 263.851 Thread 0x00000296405f3000 DEOPT PACKING pc=0x000002962e8f815c sp=0x000000faccafd860
Event: 263.851 Thread 0x00000296405f3000 DEOPT UNPACKING pc=0x0000029626af78af sp=0x000000faccafd720 mode 2
Event: 268.309 Thread 0x00000296405f3000 Uncommon trap: trap_request=0xffffff4d fr.pc=0x000002962ed97fe8 relative=0x0000000000000208
Event: 268.309 Thread 0x00000296405f3000 Uncommon trap: reason=unstable_if action=reinterpret pc=0x000002962ed97fe8 method=java.nio.HeapByteBuffer.put(Ljava/nio/ByteBuffer;)Ljava/nio/ByteBuffer; @ 4 c2
Event: 268.313 Thread 0x00000296405f3000 DEOPT PACKING pc=0x000002962ed97fe8 sp=0x000000faccafd1f0
Event: 268.313 Thread 0x00000296405f3000 DEOPT UNPACKING pc=0x0000029626af78af sp=0x000000faccafd1d0 mode 2
Event: 270.631 Thread 0x00000296405f0800 Uncommon trap: trap_request=0xffffffde fr.pc=0x000002962eb03a3c relative=0x00000000000002dc
Event: 270.632 Thread 0x00000296405f0800 Uncommon trap: reason=class_check action=maybe_recompile pc=0x000002962eb03a3c method=org.gradle.internal.snapshot.ChildMapFactory.childMapFromSorted(Ljava/util/List;)Lorg/gradle/internal/snapshot/ChildMap; @ 46 c2
Event: 270.632 Thread 0x00000296405f0800 DEOPT PACKING pc=0x000002962eb03a3c sp=0x000000facc5fdc50
Event: 270.636 Thread 0x00000296405f0800 DEOPT UNPACKING pc=0x0000029626af78af sp=0x000000facc5fdc00 mode 2
Event: 273.139 Thread 0x00000296405f0800 Uncommon trap: trap_request=0xffffff4d fr.pc=0x000002962ed3bbb4 relative=0x00000000000001f4
Event: 273.142 Thread 0x00000296405f0800 Uncommon trap: reason=unstable_if action=reinterpret pc=0x000002962ed3bbb4 method=java.lang.String.lastIndexOf([BBILjava/lang/String;I)I @ 28 c2
Event: 273.142 Thread 0x00000296405f0800 DEOPT PACKING pc=0x000002962ed3bbb4 sp=0x000000facc5f83c0
Event: 273.147 Thread 0x00000296405f0800 DEOPT UNPACKING pc=0x0000029626af78af sp=0x000000facc5f8330 mode 2
Event: 279.145 Thread 0x00000296405f0800 Uncommon trap: trap_request=0xffffffc6 fr.pc=0x000002962edc7a40 relative=0x0000000000000080
Event: 279.147 Thread 0x00000296405f0800 Uncommon trap: reason=bimorphic_or_optimized_type_check action=maybe_recompile pc=0x000002962edc7a40 method=java.io.FilterInputStream.read([BII)I @ 7 c2
Event: 279.147 Thread 0x00000296405f0800 DEOPT PACKING pc=0x000002962edc7a40 sp=0x000000facc5f80a0
Event: 279.151 Thread 0x00000296405f0800 DEOPT UNPACKING pc=0x0000029626af78af sp=0x000000facc5f8028 mode 2

Classes redefined (0 events):
No events

Internal exceptions (20 events):
Event: 245.889 Thread 0x00000296405f6000 Exception <a 'java/lang/NoSuchMethodError'{0x00000000886bb728}: 'java.lang.Object java.lang.invoke.DirectMethodHandle$Holder.invokeStatic(java.lang.Object, long)'> (0x00000000886bb728) thrown at [./src/hotspot/share/interpreter/linkResolver.cpp, line 773]
Event: 245.891 Thread 0x00000296405f6000 Exception <a 'java/lang/NoSuchMethodError'{0x00000000886c1d18}: 'java.lang.Object java.lang.invoke.Invokers$Holder.linkToTargetMethod(long, java.lang.Object)'> (0x00000000886c1d18) thrown at [./src/hotspot/share/interpreter/linkResolver.cpp, line 773]
Event: 246.169 Thread 0x00000296405f6000 Exception <a 'java/lang/NoSuchMethodError'{0x0000000088355bd0}: 'void java.lang.invoke.DirectMethodHandle$Holder.invokeStatic(java.lang.Object, java.lang.Object, java.lang.Object, int)'> (0x0000000088355bd0) thrown at [./src/hotspot/share/interpreter/linkResolver.cpp, line 773]
Event: 246.174 Thread 0x00000296405f6000 Exception <a 'java/lang/IncompatibleClassChangeError'{0x000000008835dea0}: Found class java.lang.Object, but interface was expected> (0x000000008835dea0) thrown at [./src/hotspot/share/interpreter/linkResolver.cpp, line 839]
Event: 246.892 Thread 0x00000296405f6000 Exception <a 'java/lang/NoSuchMethodError'{0x0000000087e1fb88}: 'java.lang.Object java.lang.invoke.Invokers$Holder.linkToTargetMethod(java.lang.Object, java.lang.Object, java.lang.Object, java.lang.Object, java.lang.Object, java.lang.Object, java.lang.Object)'> (0x0000000087e1fb88) thrown at [./src/hotspot/share/interpreter/linkResolver.cpp, line 773]
Event: 247.751 Thread 0x00000296405f6000 Exception <a 'java/lang/NoSuchMethodError'{0x0000000089afe080}: 'java.lang.Object java.lang.invoke.DirectMethodHandle$Holder.invokeVirtual(java.lang.Object, java.lang.Object, int, java.lang.Object)'> (0x0000000089afe080) thrown at [./src/hotspot/share/interpreter/linkResolver.cpp, line 773]
Event: 247.848 Thread 0x00000296405f6000 Exception <a 'java/lang/IncompatibleClassChangeError'{0x00000000899763a8}: Found class java.lang.Object, but interface was expected> (0x00000000899763a8) thrown at [./src/hotspot/share/interpreter/linkResolver.cpp, line 839]
Event: 247.849 Thread 0x00000296405f6000 Exception <a 'java/lang/IncompatibleClassChangeError'{0x000000008997f480}: Found class java.lang.Object, but interface was expected> (0x000000008997f480) thrown at [./src/hotspot/share/interpreter/linkResolver.cpp, line 839]
Event: 247.976 Thread 0x00000296405f6000 Exception <a 'java/lang/NoSuchMethodError'{0x00000000898198c0}: 'void java.lang.invoke.DirectMethodHandle$Holder.invokeVirtual(java.lang.Object, java.lang.Object, int, java.lang.Object)'> (0x00000000898198c0) thrown at [./src/hotspot/share/interpreter/linkResolver.cpp, line 773]
Event: 248.645 Thread 0x00000296405f6000 Exception <a 'java/lang/NoSuchMethodError'{0x0000000089660dd8}: 'java.lang.Object java.lang.invoke.DirectMethodHandle$Holder.newInvokeSpecial(java.lang.Object, int)'> (0x0000000089660dd8) thrown at [./src/hotspot/share/interpreter/linkResolver.cpp, line 773]
Event: 249.996 Thread 0x00000296405f6000 Exception <a 'java/lang/NoSuchMethodError'{0x00000000894709d8}: 'java.lang.Object java.lang.invoke.Invokers$Holder.linkToTargetMethod(java.lang.Object, int, java.lang.Object, java.lang.Object, java.lang.Object, java.lang.Object)'> (0x00000000894709d8) thrown at [./src/hotspot/share/interpreter/linkResolver.cpp, line 773]
Event: 250.005 Thread 0x00000296405f6000 Exception <a 'java/lang/NoSuchMethodError'{0x0000000089474490}: 'void java.lang.invoke.DirectMethodHandle$Holder.invokeSpecial(java.lang.Object, java.lang.Object, java.lang.Object, java.lang.Object, java.lang.Object, java.lang.Object, java.lang.Object, java.lang.Object, java.lang.Object)'> (0x0000000089474490) thrown at [./src/hotspot/share/interpreter/linkResolver.cpp, line 773]
Event: 250.051 Thread 0x00000296405f6000 Exception <a 'java/lang/NoSuchMethodError'{0x000000008948bfe8}: 'void java.lang.invoke.DirectMethodHandle$Holder.invokeStatic(java.lang.Object, java.lang.Object, java.lang.Object, java.lang.Object, java.lang.Object, java.lang.Object, java.lang.Object, java.lang.Object)'> (0x000000008948bfe8) thrown at [./src/hotspot/share/interpreter/linkResolver.cpp, line 773]
Event: 251.317 Thread 0x00000296405f6000 Exception <a 'java/lang/NoSuchMethodError'{0x000000008911ddd8}: 'void java.lang.invoke.DirectMethodHandle$Holder.invokeVirtual(java.lang.Object, java.lang.Object, int)'> (0x000000008911ddd8) thrown at [./src/hotspot/share/interpreter/linkResolver.cpp, line 773]
Event: 251.525 Thread 0x00000296405f6000 Exception <a 'sun/nio/fs/WindowsException'{0x000000008918bd70}> (0x000000008918bd70) thrown at [./src/hotspot/share/prims/jni.cpp, line 615]
Event: 258.532 Thread 0x00000296449cf000 Exception <a 'java/lang/NoSuchMethodError'{0x0000000088f6cc98}: <clinit>> (0x0000000088f6cc98) thrown at [./src/hotspot/share/prims/jni.cpp, line 1362]
Event: 262.592 Thread 0x00000296405f3000 Exception <a 'sun/nio/fs/WindowsException'{0x0000000088c3a148}> (0x0000000088c3a148) thrown at [./src/hotspot/share/prims/jni.cpp, line 615]
Event: 268.264 Thread 0x00000296405f3000 Exception <a 'java/lang/IncompatibleClassChangeError'{0x00000000887ea458}: Found class java.lang.Object, but interface was expected> (0x00000000887ea458) thrown at [./src/hotspot/share/interpreter/linkResolver.cpp, line 839]
Event: 269.410 Thread 0x00000296405f3000 Exception <a 'java/lang/IncompatibleClassChangeError'{0x00000000885027f0}: Found class java.lang.Object, but interface was expected> (0x00000000885027f0) thrown at [./src/hotspot/share/interpreter/linkResolver.cpp, line 839]
Event: 269.735 Thread 0x00000296405f3000 Exception <a 'sun/nio/fs/WindowsException'{0x00000000885bc6e0}> (0x00000000885bc6e0) thrown at [./src/hotspot/share/prims/jni.cpp, line 615]

Events (20 events):
Event: 280.476 loading class kotlin/reflect/jvm/internal/impl/serialization/deserialization/descriptors/DeserializedMemberScope$OptimizedImplementation$variableNames$2
Event: 280.476 loading class kotlin/reflect/jvm/internal/impl/serialization/deserialization/descriptors/DeserializedMemberScope$OptimizedImplementation$variableNames$2 done
Event: 280.486 loading class kotlin/reflect/jvm/internal/impl/serialization/deserialization/descriptors/DeserializedMemberScope$classNames$2
Event: 280.486 loading class kotlin/reflect/jvm/internal/impl/serialization/deserialization/descriptors/DeserializedMemberScope$classNames$2 done
Event: 280.487 loading class kotlin/reflect/jvm/internal/impl/serialization/deserialization/descriptors/DeserializedMemberScope$classifierNamesLazy$2
Event: 280.487 loading class kotlin/reflect/jvm/internal/impl/serialization/deserialization/descriptors/DeserializedMemberScope$classifierNamesLazy$2 done
Event: 280.487 loading class kotlin/reflect/jvm/internal/impl/serialization/deserialization/descriptors/DeserializedClassDescriptor$DeserializedClassMemberScope$allDescriptors$1
Event: 280.487 loading class kotlin/reflect/jvm/internal/impl/serialization/deserialization/descriptors/DeserializedClassDescriptor$DeserializedClassMemberScope$allDescriptors$1 done
Event: 280.504 loading class kotlin/reflect/jvm/internal/impl/serialization/deserialization/descriptors/DeserializedClassDescriptor$DeserializedClassMemberScope$refinedSupertypes$1
Event: 280.504 loading class kotlin/reflect/jvm/internal/impl/serialization/deserialization/descriptors/DeserializedClassDescriptor$DeserializedClassMemberScope$refinedSupertypes$1 done
Event: 280.545 loading class com/android/build/api/artifact/SingleArtifact$PUBLIC_ANDROID_RESOURCES_LIST
Event: 280.545 loading class com/android/build/api/artifact/SingleArtifact$PUBLIC_ANDROID_RESOURCES_LIST done
Event: 280.607 loading class kotlin/reflect/jvm/internal/UtilKt
Event: 280.607 loading class kotlin/reflect/jvm/internal/UtilKt done
Event: 280.691 loading class kotlin/reflect/jvm/internal/impl/resolve/scopes/InnerClassesScopeWrapper
Event: 280.691 loading class kotlin/reflect/jvm/internal/impl/resolve/scopes/InnerClassesScopeWrapper done
Event: 280.781 loading class kotlin/reflect/jvm/internal/impl/serialization/deserialization/descriptors/NonEmptyDeserializedAnnotations
Event: 280.781 loading class kotlin/reflect/jvm/internal/impl/serialization/deserialization/descriptors/NonEmptyDeserializedAnnotations done
Event: 280.788 loading class kotlin/reflect/jvm/internal/impl/serialization/deserialization/descriptors/DeserializedClassDescriptor$annotations$1
Event: 280.788 loading class kotlin/reflect/jvm/internal/impl/serialization/deserialization/descriptors/DeserializedClassDescriptor$annotations$1 done


Dynamic libraries:
0x00007ff79c9f0000 - 0x00007ff79c9fa000 	C:\Program Files\Android\Android Studio\jre\bin\java.exe
0x00007ffaa36b0000 - 0x00007ffaa38a5000 	C:\WINDOWS\SYSTEM32\ntdll.dll
0x00007ffaa25f0000 - 0x00007ffaa26ae000 	C:\WINDOWS\System32\KERNEL32.DLL
0x00007ffaa1380000 - 0x00007ffaa1648000 	C:\WINDOWS\System32\KERNELBASE.dll
0x00007ffaa1280000 - 0x00007ffaa1380000 	C:\WINDOWS\System32\ucrtbase.dll
0x00007ffa9a120000 - 0x00007ffa9a139000 	C:\Program Files\Android\Android Studio\jre\bin\jli.dll
0x00007ffa89c80000 - 0x00007ffa89c97000 	C:\Program Files\Android\Android Studio\jre\bin\VCRUNTIME140.dll
0x00007ffaa34c0000 - 0x00007ffaa3661000 	C:\WINDOWS\System32\USER32.dll
0x00007ffaa1180000 - 0x00007ffaa11a2000 	C:\WINDOWS\System32\win32u.dll
0x00007ffaa1d60000 - 0x00007ffaa1d8b000 	C:\WINDOWS\System32\GDI32.dll
0x00007ffaa0e80000 - 0x00007ffaa0f8b000 	C:\WINDOWS\System32\gdi32full.dll
0x00007ffaa11e0000 - 0x00007ffaa127d000 	C:\WINDOWS\System32\msvcp_win.dll
0x00007ffa8bf40000 - 0x00007ffa8c1da000 	C:\WINDOWS\WinSxS\amd64_microsoft.windows.common-controls_6595b64144ccf1df_6.0.19041.1110_none_60b5254171f9507e\COMCTL32.dll
0x00007ffaa2e10000 - 0x00007ffaa2eae000 	C:\WINDOWS\System32\msvcrt.dll
0x00007ffaa25c0000 - 0x00007ffaa25f0000 	C:\WINDOWS\System32\IMM32.DLL
0x00007ffa7f5f0000 - 0x00007ffa7f68d000 	C:\Program Files\Android\Android Studio\jre\bin\msvcp140.dll
0x00007ffa466a0000 - 0x00007ffa4716f000 	C:\Program Files\Android\Android Studio\jre\bin\server\jvm.dll
0x00007ffaa19e0000 - 0x00007ffaa1a8c000 	C:\WINDOWS\System32\ADVAPI32.dll
0x00007ffaa2c40000 - 0x00007ffaa2cdb000 	C:\WINDOWS\System32\sechost.dll
0x00007ffaa18b0000 - 0x00007ffaa19da000 	C:\WINDOWS\System32\RPCRT4.dll
0x00007ffaa1af0000 - 0x00007ffaa1af8000 	C:\WINDOWS\System32\PSAPI.DLL
0x00007ffa9eda0000 - 0x00007ffa9eda9000 	C:\WINDOWS\SYSTEM32\WSOCK32.dll
0x00007ffa8c3f0000 - 0x00007ffa8c417000 	C:\WINDOWS\SYSTEM32\WINMM.dll
0x00007ffa95e40000 - 0x00007ffa95e4a000 	C:\WINDOWS\SYSTEM32\VERSION.dll
0x00007ffaa1cf0000 - 0x00007ffaa1d5b000 	C:\WINDOWS\System32\WS2_32.dll
0x00007ffa9f650000 - 0x00007ffa9f662000 	C:\WINDOWS\SYSTEM32\kernel.appcore.dll
0x00007ffa8ba80000 - 0x00007ffa8ba91000 	C:\Program Files\Android\Android Studio\jre\bin\verify.dll
0x00007ffa9eb90000 - 0x00007ffa9ed74000 	C:\WINDOWS\SYSTEM32\DBGHELP.DLL
0x00007ffa87740000 - 0x00007ffa8776c000 	C:\WINDOWS\SYSTEM32\dbgcore.DLL
0x00007ffaa0f90000 - 0x00007ffaa1013000 	C:\WINDOWS\System32\bcryptPrimitives.dll
0x00007ffa89cd0000 - 0x00007ffa89cf9000 	C:\Program Files\Android\Android Studio\jre\bin\java.dll
0x00007ffa8ba70000 - 0x00007ffa8ba7b000 	C:\Program Files\Android\Android Studio\jre\bin\jimage.dll
0x00007ffa8b810000 - 0x00007ffa8b828000 	C:\Program Files\Android\Android Studio\jre\bin\zip.dll
0x00007ffaa1da0000 - 0x00007ffaa24df000 	C:\WINDOWS\System32\SHELL32.dll
0x00007ffa9edb0000 - 0x00007ffa9f540000 	C:\WINDOWS\SYSTEM32\windows.storage.dll
0x00007ffaa2f30000 - 0x00007ffaa3285000 	C:\WINDOWS\System32\combase.dll
0x00007ffaa0820000 - 0x00007ffaa084e000 	C:\WINDOWS\SYSTEM32\Wldp.dll
0x00007ffaa33b0000 - 0x00007ffaa345d000 	C:\WINDOWS\System32\SHCORE.dll
0x00007ffaa3340000 - 0x00007ffaa3395000 	C:\WINDOWS\System32\shlwapi.dll
0x00007ffaa0d10000 - 0x00007ffaa0d2f000 	C:\WINDOWS\SYSTEM32\profapi.dll
0x00007ffa89dc0000 - 0x00007ffa89dda000 	C:\Program Files\Android\Android Studio\jre\bin\net.dll
0x00007ffa90c90000 - 0x00007ffa90d9c000 	C:\WINDOWS\SYSTEM32\WINHTTP.dll
0x00007ffaa0580000 - 0x00007ffaa05ea000 	C:\WINDOWS\system32\mswsock.dll
0x00007ffa89c60000 - 0x00007ffa89c74000 	C:\Program Files\Android\Android Studio\jre\bin\nio.dll
0x00007ffa7fe60000 - 0x00007ffa7fe87000 	C:\Users\Asus\.gradle\native\8bec1ad78214c89d9ad589b4d07fe93259594b29d510b10fafb7a158f7737e5d\windows-amd64\native-platform.dll
0x00007ffa558b0000 - 0x00007ffa559ed000 	C:\Users\Asus\.gradle\native\53dbd7edfb1c66fb8903c78663c9afc45aea4f116125fa6feffd364cf09443e8\windows-amd64\native-platform-file-events.dll
0x00007ffa8a330000 - 0x00007ffa8a33a000 	C:\Program Files\Android\Android Studio\jre\bin\management.dll
0x00007ffa8a0b0000 - 0x00007ffa8a0bc000 	C:\Program Files\Android\Android Studio\jre\bin\management_ext.dll
0x00007ffaa0770000 - 0x00007ffaa0788000 	C:\WINDOWS\SYSTEM32\CRYPTSP.dll
0x00007ffa9fe90000 - 0x00007ffa9fec4000 	C:\WINDOWS\system32\rsaenh.dll
0x00007ffaa11b0000 - 0x00007ffaa11d7000 	C:\WINDOWS\System32\bcrypt.dll
0x00007ffaa0c90000 - 0x00007ffaa0cbe000 	C:\WINDOWS\SYSTEM32\USERENV.dll
0x00007ffaa0790000 - 0x00007ffaa079c000 	C:\WINDOWS\SYSTEM32\CRYPTBASE.dll
0x00007ffaa0220000 - 0x00007ffaa025b000 	C:\WINDOWS\SYSTEM32\IPHLPAPI.DLL
0x00007ffaa1d90000 - 0x00007ffaa1d98000 	C:\WINDOWS\System32\NSI.dll
0x00007ffa968a0000 - 0x00007ffa968b7000 	C:\WINDOWS\SYSTEM32\dhcpcsvc6.DLL
0x00007ffa96180000 - 0x00007ffa9619d000 	C:\WINDOWS\SYSTEM32\dhcpcsvc.DLL
0x00007ffaa0260000 - 0x00007ffaa032b000 	C:\WINDOWS\SYSTEM32\DNSAPI.dll

dbghelp: loaded successfully - version: 4.0.5 - missing functions: none
symbol engine: initialized successfully - sym options: 0x614 - pdb path: .;C:\Program Files\Android\Android Studio\jre\bin;C:\WINDOWS\SYSTEM32;C:\WINDOWS\WinSxS\amd64_microsoft.windows.common-controls_6595b64144ccf1df_6.0.19041.1110_none_60b5254171f9507e;C:\Program Files\Android\Android Studio\jre\bin\server;C:\Users\Asus\.gradle\native\8bec1ad78214c89d9ad589b4d07fe93259594b29d510b10fafb7a158f7737e5d\windows-amd64;C:\Users\Asus\.gradle\native\53dbd7edfb1c66fb8903c78663c9afc45aea4f116125fa6feffd364cf09443e8\windows-amd64

VM Arguments:
jvm_args: --add-opens=java.base/java.util=ALL-UNNAMED --add-opens=java.base/java.lang=ALL-UNNAMED --add-opens=java.base/java.lang.invoke=ALL-UNNAMED --add-opens=java.base/java.util=ALL-UNNAMED --add-opens=java.prefs/java.util.prefs=ALL-UNNAMED --add-opens=java.prefs/java.util.prefs=ALL-UNNAMED --add-opens=java.base/java.nio.charset=ALL-UNNAMED --add-opens=java.base/java.net=ALL-UNNAMED --add-opens=java.base/java.util.concurrent.atomic=ALL-UNNAMED -Xmx2048m -Dfile.encoding=UTF-8 -Duser.country=PL -Duser.language=pl -Duser.variant 
java_command: org.gradle.launcher.daemon.bootstrap.GradleDaemon 7.0.2
java_class_path (initial): C:\Users\Asus\.gradle\wrapper\dists\gradle-7.0.2-bin\857tjihv64xamwrf0h14cai3r\gradle-7.0.2\lib\gradle-launcher-7.0.2.jar
Launcher Type: SUN_STANDARD

[Global flags]
     intx CICompilerCount                          = 3                                         {product} {ergonomic}
     uint ConcGCThreads                            = 1                                         {product} {ergonomic}
     uint G1ConcRefinementThreads                  = 4                                         {product} {ergonomic}
   size_t G1HeapRegionSize                         = 1048576                                   {product} {ergonomic}
    uintx GCDrainStackTargetSize                   = 64                                        {product} {ergonomic}
   size_t InitialHeapSize                          = 65011712                                  {product} {ergonomic}
   size_t MarkStackSize                            = 4194304                                   {product} {ergonomic}
   size_t MaxHeapSize                              = 2147483648                                {product} {command line}
   size_t MaxNewSize                               = 1287651328                                {product} {ergonomic}
   size_t MinHeapDeltaBytes                        = 1048576                                   {product} {ergonomic}
    uintx NonNMethodCodeHeapSize                   = 5830732                                {pd product} {ergonomic}
    uintx NonProfiledCodeHeapSize                  = 122913754                              {pd product} {ergonomic}
    uintx ProfiledCodeHeapSize                     = 122913754                              {pd product} {ergonomic}
    uintx ReservedCodeCacheSize                    = 251658240                              {pd product} {ergonomic}
     bool SegmentedCodeCache                       = true                                      {product} {ergonomic}
     bool UseCompressedClassPointers               = true                                 {lp64_product} {ergonomic}
     bool UseCompressedOops                        = true                                 {lp64_product} {ergonomic}
     bool UseG1GC                                  = true                                      {product} {ergonomic}
     bool UseLargePagesIndividualAllocation        = false                                  {pd product} {ergonomic}

Logging:
Log output configuration:
 #0: stdout all=warning uptime,level,tags
 #1: stderr all=off uptime,level,tags

Environment Variables:
PATH=C:\Program Files (x86)\Intel\iCLS Client\;C:\Program Files\Intel\iCLS Client\;C:\Windows\system32;C:\Windows;C:\Windows\System32\Wbem;C:\Windows\System32\WindowsPowerShell\v1.0\;C:\Program Files (x86)\NVIDIA Corporation\PhysX\Common;C:\Program Files (x86)\Intel\Intel(R) Management Engine Components\DAL;C:\Program Files\Intel\Intel(R) Management Engine Components\DAL;C:\Program Files (x86)\Intel\Intel(R) Management Engine Components\IPT;C:\Program Files\Intel\Intel(R) Management Engine Components\IPT;C:\WINDOWS\system32;C:\WINDOWS;C:\WINDOWS\System32\Wbem;C:\WINDOWS\System32\WindowsPowerShell\v1.0\;C:\WINDOWS\System32\OpenSSH\;C:\Program Files\Intel\WiFi\bin\;C:\Program Files\Common Files\Intel\WirelessCommon\;C:\Program Files\dotnet\;C:\Program Files\Git\cmd;C:\Program Files\Microsoft SQL Server\130\Tools\Binn\;C:\Program Files\Microsoft SQL Server\Client SDK\ODBC\170\Tools\Binn\;C:\Users\Asus\AppData\Local\Microsoft\WindowsApps;;C:\Users\Asus\AppData\Local\Programs\Microsoft VS Code\bin;C:\Users\Asus\.dotnet\tools;C:\Program Files\heroku\bin
USERNAME=Asus
OS=Windows_NT
PROCESSOR_IDENTIFIER=Intel64 Family 6 Model 78 Stepping 3, GenuineIntel



---------------  S Y S T E M  ---------------

OS: Windows 10 , 64 bit Build 19041 (10.0.19041.1348)
OS uptime: 6 days 6:45 hours

CPU:total 4 (initial active 4) (2 cores per cpu, 2 threads per core) family 6 model 78 stepping 3 microcode 0xcc, cmov, cx8, fxsr, mmx, sse, sse2, sse3, ssse3, sse4.1, sse4.2, popcnt, avx, avx2, aes, clmul, erms, 3dnowpref, lzcnt, ht, tsc, tscinvbit, bmi1, bmi2, adx, fma

Memory: 4k page, system-wide physical 3960M (11M free)
TotalPageFile size 16248M (AvailPageFile size 7M)
current process WorkingSet (physical memory assigned to process): 82M, peak: 371M
current process commit charge ("private bytes"): 470M, peak: 583M

vm_info: OpenJDK 64-Bit Server VM (11.0.10+0-b96-7249189) for windows-amd64 JRE (11.0.10+0-b96-7249189), built on Mar 31 2021 21:44:00 by "builder" with MS VC++ 14.0 (VS2015)

END.
