#
# There is insufficient memory for the Java Runtime Environment to continue.
# Native memory allocation (malloc) failed to allocate 65552 bytes for Chunk::new
# Possible reasons:
#   The system is out of physical RAM or swap space
#   The process is running with CompressedOops enabled, and the Java Heap may be blocking the growth of the native heap
# Possible solutions:
#   Reduce memory load on the system
#   Increase physical memory or swap space
#   Check if swap backing store is full
#   Decrease Java heap size (-Xmx/-Xms)
#   Decrease number of Java threads
#   Decrease Java thread stack sizes (-Xss)
#   Set larger code cache with -XX:ReservedCodeCacheSize=
#   JVM is running with Unscaled Compressed Oops mode in which the Java heap is
#     placed in the first 4GB address space. The Java Heap base address is the
#     maximum limit for the native heap growth. Please use -XX:HeapBaseMinAddress
#     to set the Java Heap base and to place the Java Heap above 4GB virtual address.
# This output file may be truncated or incomplete.
#
#  Out of Memory Error (./src/hotspot/share/memory/arena.cpp:197), pid=17384, tid=8388
#
# JRE version: OpenJDK Runtime Environment (11.0.10) (build 11.0.10+0-b96-7249189)
# Java VM: OpenJDK 64-Bit Server VM (11.0.10+0-b96-7249189, mixed mode, tiered, compressed oops, g1 gc, windows-amd64)
# No core dump will be written. Minidumps are not enabled by default on client versions of Windows
#

---------------  S U M M A R Y ------------

Command Line: --add-opens=java.base/java.util=ALL-UNNAMED --add-opens=java.base/java.lang=ALL-UNNAMED --add-opens=java.base/java.lang.invoke=ALL-UNNAMED --add-opens=java.base/java.util=ALL-UNNAMED --add-opens=java.prefs/java.util.prefs=ALL-UNNAMED --add-opens=java.prefs/java.util.prefs=ALL-UNNAMED --add-opens=java.base/java.nio.charset=ALL-UNNAMED --add-opens=java.base/java.net=ALL-UNNAMED --add-opens=java.base/java.util.concurrent.atomic=ALL-UNNAMED -Xmx2048m -Dfile.encoding=UTF-8 -Duser.country=PL -Duser.language=pl -Duser.variant org.gradle.launcher.daemon.bootstrap.GradleDaemon 7.0.2

Host: Intel(R) Core(TM) i5-6200U CPU @ 2.30GHz, 4 cores, 3G,  Windows 10 , 64 bit Build 19041 (10.0.19041.1348)
Time: Sun Dec  5 23:23:53 2021 Œrodkowoeuropejski czas stand. elapsed time: 44.551194 seconds (0d 0h 0m 44s)

---------------  T H R E A D  ---------------

Current thread (0x000001b64fcb2800):  JavaThread "C2 CompilerThread0" daemon [_thread_in_native, id=8388, stack(0x0000008785400000,0x0000008785500000)]


Current CompileTask:
C2:  44563 8312   !   4       java.nio.file.FileTreeWalker::next (144 bytes)

Stack: [0x0000008785400000,0x0000008785500000]
Native frames: (J=compiled Java code, j=interpreted, Vv=VM code, C=native code)
V  [jvm.dll+0x5ecfaa]
V  [jvm.dll+0x722bd5]
V  [jvm.dll+0x72412d]
V  [jvm.dll+0x7247e3]
V  [jvm.dll+0x242928]
V  [jvm.dll+0xbc4fc]
V  [jvm.dll+0xbca0c]
V  [jvm.dll+0x61903c]
V  [jvm.dll+0x619362]
V  [jvm.dll+0x61a886]
V  [jvm.dll+0x3367ea]
V  [jvm.dll+0x104852]
V  [jvm.dll+0x2ce64c]
V  [jvm.dll+0x10468c]
V  [jvm.dll+0x3315cf]
V  [jvm.dll+0x60d6ef]
V  [jvm.dll+0x60d3e0]
V  [jvm.dll+0x6084d2]
V  [jvm.dll+0x601fea]
V  [jvm.dll+0x601653]
V  [jvm.dll+0x5ff6a2]
V  [jvm.dll+0x185d3c]
V  [jvm.dll+0x2b40b3]
V  [jvm.dll+0x60a0f9]
V  [jvm.dll+0x601fea]
V  [jvm.dll+0x601653]
V  [jvm.dll+0x5ff6a2]
V  [jvm.dll+0x185d3c]
V  [jvm.dll+0x2b40b3]
V  [jvm.dll+0x60a0f9]
V  [jvm.dll+0x601fea]
V  [jvm.dll+0x601653]
V  [jvm.dll+0x5ff6a2]
V  [jvm.dll+0x185d3c]
V  [jvm.dll+0x1fa515]
V  [jvm.dll+0x18354c]
V  [jvm.dll+0x208ee7]
V  [jvm.dll+0x207731]
V  [jvm.dll+0x6eb1cf]
V  [jvm.dll+0x6e3d45]
V  [jvm.dll+0x5ebe96]
C  [ucrtbase.dll+0x21bb2]
C  [KERNEL32.DLL+0x17034]
C  [ntdll.dll+0x52651]


---------------  P R O C E S S  ---------------

Threads class SMR info:
_java_thread_list=0x000001b65858a160, length=47, elements={
0x000001b6360ad000, 0x000001b64fc4b000, 0x000001b64fc54800, 0x000001b64fc6a800,
0x000001b64fc6b800, 0x000001b64fc6d800, 0x000001b64fcb2800, 0x000001b64fcb9000,
0x000001b6505f0800, 0x000001b650724800, 0x000001b651f57800, 0x000001b652722800,
0x000001b65142a800, 0x000001b65216a000, 0x000001b652735800, 0x000001b651795800,
0x000001b65100c800, 0x000001b65100d000, 0x000001b650960800, 0x000001b650963000,
0x000001b650962000, 0x000001b65095f000, 0x000001b650964000, 0x000001b650964800,
0x000001b650961800, 0x000001b650965800, 0x000001b65095f800, 0x000001b652e33800,
0x000001b652e32000, 0x000001b652e35000, 0x000001b652e31000, 0x000001b652e3a000,
0x000001b652e36000, 0x000001b652e39800, 0x000001b652e34800, 0x000001b652e3b000,
0x000001b652e40000, 0x000001b652e3c800, 0x000001b652e3c000, 0x000001b652e3f000,
0x000001b652e3d800, 0x000001b652e3e000, 0x000001b651830000, 0x000001b651830800,
0x000001b65182b000, 0x000001b651831800, 0x000001b65182c800
}

Java Threads: ( => current thread )
  0x000001b6360ad000 JavaThread "main" [_thread_blocked, id=23232, stack(0x0000008784800000,0x0000008784900000)]
  0x000001b64fc4b000 JavaThread "Reference Handler" daemon [_thread_blocked, id=22620, stack(0x0000008784f00000,0x0000008785000000)]
  0x000001b64fc54800 JavaThread "Finalizer" daemon [_thread_blocked, id=13000, stack(0x0000008785000000,0x0000008785100000)]
  0x000001b64fc6a800 JavaThread "Signal Dispatcher" daemon [_thread_blocked, id=11644, stack(0x0000008785100000,0x0000008785200000)]
  0x000001b64fc6b800 JavaThread "Attach Listener" daemon [_thread_blocked, id=2880, stack(0x0000008785200000,0x0000008785300000)]
  0x000001b64fc6d800 JavaThread "Service Thread" daemon [_thread_blocked, id=22480, stack(0x0000008785300000,0x0000008785400000)]
=>0x000001b64fcb2800 JavaThread "C2 CompilerThread0" daemon [_thread_in_native, id=8388, stack(0x0000008785400000,0x0000008785500000)]
  0x000001b64fcb9000 JavaThread "C1 CompilerThread0" daemon [_thread_blocked, id=7476, stack(0x0000008785500000,0x0000008785600000)]
  0x000001b6505f0800 JavaThread "Sweeper thread" daemon [_thread_blocked, id=17456, stack(0x0000008785600000,0x0000008785700000)]
  0x000001b650724800 JavaThread "Common-Cleaner" daemon [_thread_blocked, id=1256, stack(0x0000008785700000,0x0000008785800000)]
  0x000001b651f57800 JavaThread "Daemon health stats" [_thread_blocked, id=10516, stack(0x0000008785a00000,0x0000008785b00000)]
  0x000001b652722800 JavaThread "Incoming local TCP Connector on port 54859" [_thread_in_native, id=9516, stack(0x0000008785b00000,0x0000008785c00000)]
  0x000001b65142a800 JavaThread "Daemon periodic checks" [_thread_blocked, id=21496, stack(0x0000008785c00000,0x0000008785d00000)]
  0x000001b65216a000 JavaThread "Daemon" [_thread_blocked, id=16088, stack(0x0000008785d00000,0x0000008785e00000)]
  0x000001b652735800 JavaThread "Handler for socket connection from /127.0.0.1:54859 to /127.0.0.1:54860" [_thread_in_native, id=21072, stack(0x0000008785e00000,0x0000008785f00000)]
  0x000001b651795800 JavaThread "Cancel handler" [_thread_blocked, id=21332, stack(0x0000008785f00000,0x0000008786000000)]
  0x000001b65100c800 JavaThread "Daemon worker" [_thread_blocked, id=3816, stack(0x0000008786000000,0x0000008786100000)]
  0x000001b65100d000 JavaThread "Asynchronous log dispatcher for DefaultDaemonConnection: socket connection from /127.0.0.1:54859 to /127.0.0.1:54860" [_thread_blocked, id=11892, stack(0x0000008786100000,0x0000008786200000)]
  0x000001b650960800 JavaThread "Stdin handler" [_thread_blocked, id=18844, stack(0x0000008786200000,0x0000008786300000)]
  0x000001b650963000 JavaThread "Daemon client event forwarder" [_thread_blocked, id=22084, stack(0x0000008786300000,0x0000008786400000)]
  0x000001b650962000 JavaThread "Cache worker for file hash cache (C:\Users\Asus\.gradle\caches\7.0.2\fileHashes)" [_thread_blocked, id=20792, stack(0x0000008786600000,0x0000008786700000)]
  0x000001b65095f000 JavaThread "File lock request listener" [_thread_in_native, id=19424, stack(0x0000008786700000,0x0000008786800000)]
  0x000001b650964000 JavaThread "Cache worker for journal cache (C:\Users\Asus\.gradle\caches\journal-1)" [_thread_blocked, id=20980, stack(0x0000008786800000,0x0000008786900000)]
  0x000001b650964800 JavaThread "Cache worker for file hash cache (C:\Users\Asus\AndroidStudioProjects\Zadanie6\.gradle\7.0.2\fileHashes)" [_thread_blocked, id=12280, stack(0x0000008786900000,0x0000008786a00000)]
  0x000001b650961800 JavaThread "File watcher server" daemon [_thread_in_native, id=5316, stack(0x0000008786a00000,0x0000008786b00000)]
  0x000001b650965800 JavaThread "File watcher consumer" daemon [_thread_blocked, id=19572, stack(0x0000008786b00000,0x0000008786c00000)]
  0x000001b65095f800 JavaThread "Cache worker for checksums cache (C:\Users\Asus\AndroidStudioProjects\Zadanie6\.gradle\checksums)" [_thread_blocked, id=21412, stack(0x0000008786c00000,0x0000008786d00000)]
  0x000001b652e33800 JavaThread "Cache worker for cache directory md-supplier (C:\Users\Asus\.gradle\caches\7.0.2\md-supplier)" [_thread_blocked, id=20008, stack(0x0000008786d00000,0x0000008786e00000)]
  0x000001b652e32000 JavaThread "Cache worker for cache directory md-rule (C:\Users\Asus\.gradle\caches\7.0.2\md-rule)" [_thread_blocked, id=17212, stack(0x0000008786e00000,0x0000008786f00000)]
  0x000001b652e35000 JavaThread "Cache worker for execution history cache (C:\Users\Asus\.gradle\caches\7.0.2\executionHistory)" [_thread_blocked, id=16524, stack(0x0000008786f00000,0x0000008787000000)]
  0x000001b652e31000 JavaThread "jar transforms" [_thread_blocked, id=10424, stack(0x0000008787000000,0x0000008787100000)]
  0x000001b652e3a000 JavaThread "jar transforms Thread 2" [_thread_blocked, id=15228, stack(0x0000008787100000,0x0000008787200000)]
  0x000001b652e36000 JavaThread "Cache worker for file content cache (C:\Users\Asus\.gradle\caches\7.0.2\fileContent)" [_thread_blocked, id=23120, stack(0x0000008787200000,0x0000008787300000)]
  0x000001b652e39800 JavaThread "Cache worker for dependencies-accessors (C:\Users\Asus\AndroidStudioProjects\Zadanie6\.gradle\7.0.2\dependencies-accessors)" [_thread_blocked, id=12808, stack(0x0000008787400000,0x0000008787500000)]
  0x000001b652e34800 JavaThread "jar transforms Thread 3" [_thread_blocked, id=10036, stack(0x0000008787300000,0x0000008787400000)]
  0x000001b652e3b000 JavaThread "Cache worker for Build Output Cleanup Cache (C:\Users\Asus\AndroidStudioProjects\Zadanie6\.gradle\buildOutputCleanup)" [_thread_blocked, id=23364, stack(0x0000008787500000,0x0000008787600000)]
  0x000001b652e40000 JavaThread "Build operations" [_thread_blocked, id=11480, stack(0x0000008787600000,0x0000008787700000)]
  0x000001b652e3c800 JavaThread "Build operations Thread 2" [_thread_blocked, id=3688, stack(0x0000008787700000,0x0000008787800000)]
  0x000001b652e3c000 JavaThread "Build operations Thread 3" [_thread_blocked, id=19452, stack(0x0000008787800000,0x0000008787900000)]
  0x000001b652e3f000 JavaThread "Build operations Thread 4" [_thread_blocked, id=5560, stack(0x0000008787900000,0x0000008787a00000)]
  0x000001b652e3d800 JavaThread "jar transforms Thread 4" [_thread_blocked, id=14356, stack(0x0000008787a00000,0x0000008787b00000)]
  0x000001b652e3e000 JavaThread "Memory manager" [_thread_blocked, id=21816, stack(0x0000008787b00000,0x0000008787c00000)]
  0x000001b651830000 JavaThread "build event listener" [_thread_blocked, id=18752, stack(0x0000008787c00000,0x0000008787d00000)]
  0x000001b651830800 JavaThread "Execution worker for ':'" [_thread_blocked, id=22324, stack(0x0000008787d00000,0x0000008787e00000)]
  0x000001b65182b000 JavaThread "Execution worker for ':' Thread 2" [_thread_blocked, id=10480, stack(0x0000008787e00000,0x0000008787f00000)]
  0x000001b651831800 JavaThread "Execution worker for ':' Thread 3" [_thread_blocked, id=16572, stack(0x0000008787f00000,0x0000008788000000)]
  0x000001b65182c800 JavaThread "Cache worker for execution history cache (C:\Users\Asus\AndroidStudioProjects\Zadanie6\.gradle\7.0.2\executionHistory)" [_thread_blocked, id=20848, stack(0x0000008788000000,0x0000008788100000)]

Other Threads:
  0x000001b64fc45800 VMThread "VM Thread" [stack: 0x0000008784e00000,0x0000008784f00000] [id=22680] _threads_hazard_ptr=0x000001b65858a160
  0x000001b650759800 WatcherThread [stack: 0x0000008785800000,0x0000008785900000] [id=15692]
  0x000001b6360c6800 GCTaskThread "GC Thread#0" [stack: 0x0000008784900000,0x0000008784a00000] [id=5340]
  0x000001b650f57000 GCTaskThread "GC Thread#1" [stack: 0x0000008785900000,0x0000008785a00000] [id=12264]
  0x000001b6511d5000 GCTaskThread "GC Thread#2" [stack: 0x0000008786400000,0x0000008786500000] [id=16456]
  0x000001b650fea000 GCTaskThread "GC Thread#3" [stack: 0x0000008786500000,0x0000008786600000] [id=10352]
  0x000001b6360f8800 ConcurrentGCThread "G1 Main Marker" [stack: 0x0000008784a00000,0x0000008784b00000] [id=15292]
  0x000001b6360fa800 ConcurrentGCThread "G1 Conc#0" [stack: 0x0000008784b00000,0x0000008784c00000] [id=6620]
  0x000001b636152800 ConcurrentGCThread "G1 Refine#0" [stack: 0x0000008784c00000,0x0000008784d00000] [id=22368]
  0x000001b636153800 ConcurrentGCThread "G1 Young RemSet Sampling" [stack: 0x0000008784d00000,0x0000008784e00000] [id=9024]

Threads with active compile tasks:
C2 CompilerThread0  45104 8312   !   4       java.nio.file.FileTreeWalker::next (144 bytes)
C1 CompilerThread0  45104 8377       3       org.gradle.api.internal.file.DefaultFileSystemLocation::<init> (10 bytes)

VM state:at safepoint (normal execution)

VM Mutex/Monitor currently owned by a thread:  ([mutex/lock_event])
[0x000001b6360aa9e0] Threads_lock - owner thread: 0x000001b64fc45800

Heap address: 0x0000000080000000, size: 2048 MB, Compressed Oops mode: 32-bit
Narrow klass base: 0x0000000000000000, Narrow klass shift: 3
Compressed class space size: 1073741824 Address: 0x0000000100000000

Heap:
 garbage-first heap   total 131072K, used 87471K [0x0000000080000000, 0x0000000100000000)
  region size 1024K, 35 young (35840K), 6 survivors (6144K)
 Metaspace       used 78660K, capacity 80672K, committed 80716K, reserved 1118208K
  class space    used 10285K, capacity 11042K, committed 11084K, reserved 1048576K
Heap Regions: E=young(eden), S=young(survivor), O=old, HS=humongous(starts), HC=humongous(continues), CS=collection set, F=free, A=archive, TAMS=top-at-mark-start (previous, next)
|   0|0x0000000080000000, 0x0000000080100000, 0x0000000080100000|100%| O|  |TAMS 0x0000000080100000, 0x0000000080000000| Untracked 
|   1|0x0000000080100000, 0x0000000080200000, 0x0000000080200000|100%| O|  |TAMS 0x0000000080200000, 0x0000000080100000| Untracked 
|   2|0x0000000080200000, 0x0000000080300000, 0x0000000080300000|100%| O|  |TAMS 0x0000000080300000, 0x0000000080200000| Untracked 
|   3|0x0000000080300000, 0x0000000080400000, 0x0000000080400000|100%|HS|  |TAMS 0x0000000080400000, 0x0000000080300000| Complete 
|   4|0x0000000080400000, 0x0000000080500000, 0x0000000080500000|100%|HC|  |TAMS 0x0000000080500000, 0x0000000080400000| Complete 
|   5|0x0000000080500000, 0x0000000080600000, 0x0000000080600000|100%|HC|  |TAMS 0x0000000080600000, 0x0000000080500000| Complete 
|   6|0x0000000080600000, 0x0000000080700000, 0x0000000080700000|100%| O|  |TAMS 0x0000000080700000, 0x0000000080600000| Untracked 
|   7|0x0000000080700000, 0x0000000080800000, 0x0000000080800000|100%| O|  |TAMS 0x0000000080800000, 0x0000000080700000| Untracked 
|   8|0x0000000080800000, 0x0000000080900000, 0x0000000080900000|100%| O|  |TAMS 0x0000000080900000, 0x0000000080800000| Untracked 
|   9|0x0000000080900000, 0x0000000080a00000, 0x0000000080a00000|100%| O|  |TAMS 0x0000000080a00000, 0x0000000080900000| Untracked 
|  10|0x0000000080a00000, 0x0000000080b00000, 0x0000000080b00000|100%| O|  |TAMS 0x0000000080b00000, 0x0000000080a00000| Untracked 
|  11|0x0000000080b00000, 0x0000000080c00000, 0x0000000080c00000|100%| O|  |TAMS 0x0000000080c00000, 0x0000000080b00000| Untracked 
|  12|0x0000000080c00000, 0x0000000080d00000, 0x0000000080d00000|100%| O|  |TAMS 0x0000000080d00000, 0x0000000080c00000| Untracked 
|  13|0x0000000080d00000, 0x0000000080e00000, 0x0000000080e00000|100%| O|  |TAMS 0x0000000080e00000, 0x0000000080d00000| Untracked 
|  14|0x0000000080e00000, 0x0000000080f00000, 0x0000000080f00000|100%| O|  |TAMS 0x0000000080f00000, 0x0000000080e00000| Untracked 
|  15|0x0000000080f00000, 0x0000000081000000, 0x0000000081000000|100%| O|  |TAMS 0x0000000081000000, 0x0000000080f00000| Untracked 
|  16|0x0000000081000000, 0x0000000081100000, 0x0000000081100000|100%| O|  |TAMS 0x0000000081100000, 0x0000000081000000| Untracked 
|  17|0x0000000081100000, 0x0000000081200000, 0x0000000081200000|100%| O|  |TAMS 0x0000000081200000, 0x0000000081100000| Untracked 
|  18|0x0000000081200000, 0x0000000081300000, 0x0000000081300000|100%| O|  |TAMS 0x0000000081300000, 0x0000000081200000| Untracked 
|  19|0x0000000081300000, 0x0000000081400000, 0x0000000081400000|100%| O|  |TAMS 0x0000000081400000, 0x0000000081300000| Untracked 
|  20|0x0000000081400000, 0x0000000081500000, 0x0000000081500000|100%| O|  |TAMS 0x0000000081500000, 0x0000000081400000| Untracked 
|  21|0x0000000081500000, 0x0000000081600000, 0x0000000081600000|100%| O|  |TAMS 0x0000000081600000, 0x0000000081500000| Untracked 
|  22|0x0000000081600000, 0x0000000081700000, 0x0000000081700000|100%| O|  |TAMS 0x0000000081700000, 0x0000000081600000| Untracked 
|  23|0x0000000081700000, 0x0000000081800000, 0x0000000081800000|100%| O|  |TAMS 0x0000000081800000, 0x0000000081700000| Untracked 
|  24|0x0000000081800000, 0x0000000081900000, 0x0000000081900000|100%| O|  |TAMS 0x0000000081900000, 0x0000000081800000| Untracked 
|  25|0x0000000081900000, 0x0000000081a00000, 0x0000000081a00000|100%| O|  |TAMS 0x0000000081a00000, 0x0000000081900000| Untracked 
|  26|0x0000000081a00000, 0x0000000081b00000, 0x0000000081b00000|100%| O|  |TAMS 0x0000000081b00000, 0x0000000081a00000| Untracked 
|  27|0x0000000081b00000, 0x0000000081c00000, 0x0000000081c00000|100%| O|  |TAMS 0x0000000081c00000, 0x0000000081b00000| Untracked 
|  28|0x0000000081c00000, 0x0000000081d00000, 0x0000000081d00000|100%| O|  |TAMS 0x0000000081d00000, 0x0000000081c00000| Untracked 
|  29|0x0000000081d00000, 0x0000000081e00000, 0x0000000081e00000|100%|HS|  |TAMS 0x0000000081e00000, 0x0000000081d00000| Complete 
|  30|0x0000000081e00000, 0x0000000081f00000, 0x0000000081f00000|100%|HS|  |TAMS 0x0000000081f00000, 0x0000000081e00000| Complete 
|  31|0x0000000081f00000, 0x0000000082000000, 0x0000000082000000|100%| O|  |TAMS 0x0000000082000000, 0x0000000081f00000| Untracked 
|  32|0x0000000082000000, 0x0000000082100000, 0x0000000082100000|100%| O|  |TAMS 0x0000000082100000, 0x0000000082000000| Untracked 
|  33|0x0000000082100000, 0x0000000082200000, 0x0000000082200000|100%| O|  |TAMS 0x0000000082200000, 0x0000000082100000| Untracked 
|  34|0x0000000082200000, 0x0000000082300000, 0x0000000082300000|100%| O|  |TAMS 0x0000000082300000, 0x0000000082200000| Untracked 
|  35|0x0000000082300000, 0x0000000082400000, 0x0000000082400000|100%|HS|  |TAMS 0x0000000082400000, 0x0000000082300000| Complete 
|  36|0x0000000082400000, 0x0000000082500000, 0x0000000082500000|100%|HC|  |TAMS 0x0000000082500000, 0x0000000082400000| Complete 
|  37|0x0000000082500000, 0x0000000082600000, 0x0000000082600000|100%| O|  |TAMS 0x0000000082600000, 0x0000000082500000| Untracked 
|  38|0x0000000082600000, 0x0000000082700000, 0x0000000082700000|100%| O|  |TAMS 0x0000000082700000, 0x0000000082600000| Untracked 
|  39|0x0000000082700000, 0x0000000082800000, 0x0000000082800000|100%| O|  |TAMS 0x0000000082800000, 0x0000000082700000| Untracked 
|  40|0x0000000082800000, 0x0000000082900000, 0x0000000082900000|100%| O|  |TAMS 0x0000000082900000, 0x0000000082800000| Untracked 
|  41|0x0000000082900000, 0x0000000082a00000, 0x0000000082a00000|100%| O|  |TAMS 0x0000000082a00000, 0x0000000082900000| Untracked 
|  42|0x0000000082a00000, 0x0000000082b00000, 0x0000000082b00000|100%| O|  |TAMS 0x0000000082b00000, 0x0000000082a00000| Untracked 
|  43|0x0000000082b00000, 0x0000000082c00000, 0x0000000082c00000|100%| O|  |TAMS 0x0000000082c00000, 0x0000000082b00000| Untracked 
|  44|0x0000000082c00000, 0x0000000082d00000, 0x0000000082d00000|100%| O|  |TAMS 0x0000000082d00000, 0x0000000082c00000| Untracked 
|  45|0x0000000082d00000, 0x0000000082e00000, 0x0000000082e00000|100%| O|  |TAMS 0x0000000082e00000, 0x0000000082d00000| Untracked 
|  46|0x0000000082e00000, 0x0000000082f00000, 0x0000000082f00000|100%| O|  |TAMS 0x0000000082f00000, 0x0000000082e00000| Untracked 
|  47|0x0000000082f00000, 0x0000000083000000, 0x0000000083000000|100%| O|  |TAMS 0x0000000083000000, 0x0000000082f00000| Untracked 
|  48|0x0000000083000000, 0x0000000083100000, 0x0000000083100000|100%| O|  |TAMS 0x0000000083100000, 0x0000000083000000| Untracked 
|  49|0x0000000083100000, 0x0000000083200000, 0x0000000083200000|100%| O|  |TAMS 0x00000000831e0a00, 0x0000000083100000| Untracked 
|  50|0x0000000083200000, 0x0000000083300000, 0x0000000083300000|100%| O|  |TAMS 0x0000000083200000, 0x0000000083200000| Untracked 
|  51|0x0000000083300000, 0x0000000083400000, 0x0000000083400000|100%| O|  |TAMS 0x0000000083300000, 0x0000000083300000| Untracked 
|  52|0x0000000083400000, 0x0000000083500000, 0x0000000083500000|100%| O|  |TAMS 0x0000000083400000, 0x0000000083400000| Untracked 
|  53|0x0000000083500000, 0x0000000083539000, 0x0000000083600000| 22%| O|  |TAMS 0x0000000083500000, 0x0000000083500000| Untracked 
|  54|0x0000000083600000, 0x0000000083600000, 0x0000000083700000|  0%| F|  |TAMS 0x0000000083600000, 0x0000000083600000| Untracked 
|  55|0x0000000083700000, 0x0000000083700000, 0x0000000083800000|  0%| F|  |TAMS 0x0000000083700000, 0x0000000083700000| Untracked 
|  56|0x0000000083800000, 0x0000000083800000, 0x0000000083900000|  0%| F|  |TAMS 0x0000000083800000, 0x0000000083800000| Untracked 
|  57|0x0000000083900000, 0x0000000083900000, 0x0000000083a00000|  0%| F|  |TAMS 0x0000000083900000, 0x0000000083900000| Untracked 
|  58|0x0000000083a00000, 0x0000000083a00000, 0x0000000083b00000|  0%| F|  |TAMS 0x0000000083a00000, 0x0000000083a00000| Untracked 
|  59|0x0000000083b00000, 0x0000000083b00000, 0x0000000083c00000|  0%| F|  |TAMS 0x0000000083b00000, 0x0000000083b00000| Untracked 
|  60|0x0000000083c00000, 0x0000000083c00000, 0x0000000083d00000|  0%| F|  |TAMS 0x0000000083c00000, 0x0000000083c00000| Untracked 
|  61|0x0000000083d00000, 0x0000000083d00000, 0x0000000083e00000|  0%| F|  |TAMS 0x0000000083d00000, 0x0000000083d00000| Untracked 
|  62|0x0000000083e00000, 0x0000000083e00000, 0x0000000083f00000|  0%| F|  |TAMS 0x0000000083e00000, 0x0000000083e00000| Untracked 
|  63|0x0000000083f00000, 0x0000000083f00000, 0x0000000084000000|  0%| F|  |TAMS 0x0000000083f00000, 0x0000000083f00000| Untracked 
|  64|0x0000000084000000, 0x0000000084000000, 0x0000000084100000|  0%| F|  |TAMS 0x0000000084000000, 0x0000000084000000| Untracked 
|  65|0x0000000084100000, 0x0000000084100000, 0x0000000084200000|  0%| F|  |TAMS 0x0000000084100000, 0x0000000084100000| Untracked 
|  66|0x0000000084200000, 0x0000000084200000, 0x0000000084300000|  0%| F|  |TAMS 0x0000000084200000, 0x0000000084200000| Untracked 
|  67|0x0000000084300000, 0x0000000084300000, 0x0000000084400000|  0%| F|  |TAMS 0x0000000084300000, 0x0000000084300000| Untracked 
|  68|0x0000000084400000, 0x0000000084400000, 0x0000000084500000|  0%| F|  |TAMS 0x0000000084400000, 0x0000000084400000| Untracked 
|  69|0x0000000084500000, 0x0000000084500000, 0x0000000084600000|  0%| F|  |TAMS 0x0000000084500000, 0x0000000084500000| Untracked 
|  70|0x0000000084600000, 0x0000000084600000, 0x0000000084700000|  0%| F|  |TAMS 0x0000000084600000, 0x0000000084600000| Untracked 
|  71|0x0000000084700000, 0x0000000084700000, 0x0000000084800000|  0%| F|  |TAMS 0x0000000084700000, 0x0000000084700000| Untracked 
|  72|0x0000000084800000, 0x0000000084800000, 0x0000000084900000|  0%| F|  |TAMS 0x0000000084800000, 0x0000000084800000| Untracked 
|  73|0x0000000084900000, 0x0000000084900000, 0x0000000084a00000|  0%| F|  |TAMS 0x0000000084900000, 0x0000000084900000| Untracked 
|  74|0x0000000084a00000, 0x0000000084a00000, 0x0000000084b00000|  0%| F|  |TAMS 0x0000000084a00000, 0x0000000084a00000| Untracked 
|  75|0x0000000084b00000, 0x0000000084b00000, 0x0000000084c00000|  0%| F|  |TAMS 0x0000000084b00000, 0x0000000084b00000| Untracked 
|  76|0x0000000084c00000, 0x0000000084c00000, 0x0000000084d00000|  0%| F|  |TAMS 0x0000000084c00000, 0x0000000084c00000| Untracked 
|  77|0x0000000084d00000, 0x0000000084d00000, 0x0000000084e00000|  0%| F|  |TAMS 0x0000000084d00000, 0x0000000084d00000| Untracked 
|  78|0x0000000084e00000, 0x0000000084e00000, 0x0000000084f00000|  0%| F|  |TAMS 0x0000000084e00000, 0x0000000084e00000| Untracked 
|  79|0x0000000084f00000, 0x0000000084f32df0, 0x0000000085000000| 19%| S|CS|TAMS 0x0000000084f00000, 0x0000000084f00000| Complete 
|  80|0x0000000085000000, 0x0000000085100000, 0x0000000085100000|100%| S|CS|TAMS 0x0000000085000000, 0x0000000085000000| Complete 
|  81|0x0000000085100000, 0x0000000085200000, 0x0000000085200000|100%| S|CS|TAMS 0x0000000085100000, 0x0000000085100000| Complete 
|  82|0x0000000085200000, 0x0000000085300000, 0x0000000085300000|100%| S|CS|TAMS 0x0000000085200000, 0x0000000085200000| Complete 
|  83|0x0000000085300000, 0x0000000085400000, 0x0000000085400000|100%| S|CS|TAMS 0x0000000085300000, 0x0000000085300000| Complete 
|  84|0x0000000085400000, 0x0000000085500000, 0x0000000085500000|100%| S|CS|TAMS 0x0000000085400000, 0x0000000085400000| Complete 
|  85|0x0000000085500000, 0x0000000085500000, 0x0000000085600000|  0%| F|  |TAMS 0x0000000085500000, 0x0000000085500000| Untracked 
|  86|0x0000000085600000, 0x0000000085600000, 0x0000000085700000|  0%| F|  |TAMS 0x0000000085600000, 0x0000000085600000| Untracked 
|  87|0x0000000085700000, 0x0000000085700000, 0x0000000085800000|  0%| F|  |TAMS 0x0000000085700000, 0x0000000085700000| Untracked 
|  88|0x0000000085800000, 0x0000000085800000, 0x0000000085900000|  0%| F|  |TAMS 0x0000000085800000, 0x0000000085800000| Untracked 
|  89|0x0000000085900000, 0x0000000085900000, 0x0000000085a00000|  0%| F|  |TAMS 0x0000000085900000, 0x0000000085900000| Untracked 
|  90|0x0000000085a00000, 0x0000000085a00000, 0x0000000085b00000|  0%| F|  |TAMS 0x0000000085a00000, 0x0000000085a00000| Untracked 
|  91|0x0000000085b00000, 0x0000000085b00000, 0x0000000085c00000|  0%| F|  |TAMS 0x0000000085b00000, 0x0000000085b00000| Untracked 
|  92|0x0000000085c00000, 0x0000000085c00000, 0x0000000085d00000|  0%| F|  |TAMS 0x0000000085c00000, 0x0000000085c00000| Untracked 
|  93|0x0000000085d00000, 0x0000000085d00000, 0x0000000085e00000|  0%| F|  |TAMS 0x0000000085d00000, 0x0000000085d00000| Untracked 
|  94|0x0000000085e00000, 0x0000000085e00000, 0x0000000085f00000|  0%| F|  |TAMS 0x0000000085e00000, 0x0000000085e00000| Untracked 
|  95|0x0000000085f00000, 0x0000000085f00000, 0x0000000086000000|  0%| F|  |TAMS 0x0000000085f00000, 0x0000000085f00000| Untracked 
|  96|0x0000000086000000, 0x0000000086000000, 0x0000000086100000|  0%| F|  |TAMS 0x0000000086000000, 0x0000000086000000| Untracked 
|  97|0x0000000086100000, 0x0000000086100000, 0x0000000086200000|  0%| F|  |TAMS 0x0000000086100000, 0x0000000086100000| Untracked 
|  98|0x0000000086200000, 0x0000000086200000, 0x0000000086300000|  0%| F|  |TAMS 0x0000000086200000, 0x0000000086200000| Untracked 
|  99|0x0000000086300000, 0x0000000086375df0, 0x0000000086400000| 46%| E|  |TAMS 0x0000000086300000, 0x0000000086300000| Complete 
| 100|0x0000000086400000, 0x0000000086500000, 0x0000000086500000|100%| E|CS|TAMS 0x0000000086400000, 0x0000000086400000| Complete 
| 101|0x0000000086500000, 0x0000000086600000, 0x0000000086600000|100%| E|CS|TAMS 0x0000000086500000, 0x0000000086500000| Complete 
| 102|0x0000000086600000, 0x0000000086700000, 0x0000000086700000|100%| E|CS|TAMS 0x0000000086600000, 0x0000000086600000| Complete 
| 103|0x0000000086700000, 0x0000000086800000, 0x0000000086800000|100%| E|CS|TAMS 0x0000000086700000, 0x0000000086700000| Complete 
| 104|0x0000000086800000, 0x0000000086900000, 0x0000000086900000|100%| E|CS|TAMS 0x0000000086800000, 0x0000000086800000| Complete 
| 105|0x0000000086900000, 0x0000000086a00000, 0x0000000086a00000|100%| E|CS|TAMS 0x0000000086900000, 0x0000000086900000| Complete 
| 106|0x0000000086a00000, 0x0000000086b00000, 0x0000000086b00000|100%| E|CS|TAMS 0x0000000086a00000, 0x0000000086a00000| Complete 
| 107|0x0000000086b00000, 0x0000000086c00000, 0x0000000086c00000|100%| E|CS|TAMS 0x0000000086b00000, 0x0000000086b00000| Complete 
| 108|0x0000000086c00000, 0x0000000086d00000, 0x0000000086d00000|100%| E|CS|TAMS 0x0000000086c00000, 0x0000000086c00000| Complete 
| 109|0x0000000086d00000, 0x0000000086e00000, 0x0000000086e00000|100%| E|CS|TAMS 0x0000000086d00000, 0x0000000086d00000| Complete 
| 110|0x0000000086e00000, 0x0000000086f00000, 0x0000000086f00000|100%| E|  |TAMS 0x0000000086e00000, 0x0000000086e00000| Complete 
| 111|0x0000000086f00000, 0x0000000087000000, 0x0000000087000000|100%| E|CS|TAMS 0x0000000086f00000, 0x0000000086f00000| Complete 
| 112|0x0000000087000000, 0x0000000087100000, 0x0000000087100000|100%| E|CS|TAMS 0x0000000087000000, 0x0000000087000000| Complete 
| 113|0x0000000087100000, 0x0000000087200000, 0x0000000087200000|100%| E|CS|TAMS 0x0000000087100000, 0x0000000087100000| Complete 
| 114|0x0000000087200000, 0x0000000087300000, 0x0000000087300000|100%| E|CS|TAMS 0x0000000087200000, 0x0000000087200000| Complete 
| 115|0x0000000087300000, 0x0000000087400000, 0x0000000087400000|100%| E|CS|TAMS 0x0000000087300000, 0x0000000087300000| Complete 
| 116|0x0000000087400000, 0x0000000087500000, 0x0000000087500000|100%| E|CS|TAMS 0x0000000087400000, 0x0000000087400000| Complete 
| 117|0x0000000087500000, 0x0000000087600000, 0x0000000087600000|100%| E|CS|TAMS 0x0000000087500000, 0x0000000087500000| Complete 
| 118|0x0000000087600000, 0x0000000087700000, 0x0000000087700000|100%| E|CS|TAMS 0x0000000087600000, 0x0000000087600000| Complete 
| 119|0x0000000087700000, 0x0000000087800000, 0x0000000087800000|100%| E|CS|TAMS 0x0000000087700000, 0x0000000087700000| Complete 
| 120|0x0000000087800000, 0x0000000087900000, 0x0000000087900000|100%| E|CS|TAMS 0x0000000087800000, 0x0000000087800000| Complete 
| 121|0x0000000087900000, 0x0000000087a00000, 0x0000000087a00000|100%| E|CS|TAMS 0x0000000087900000, 0x0000000087900000| Complete 
| 122|0x0000000087a00000, 0x0000000087b00000, 0x0000000087b00000|100%| E|CS|TAMS 0x0000000087a00000, 0x0000000087a00000| Complete 
| 123|0x0000000087b00000, 0x0000000087c00000, 0x0000000087c00000|100%| E|CS|TAMS 0x0000000087b00000, 0x0000000087b00000| Complete 
| 124|0x0000000087c00000, 0x0000000087d00000, 0x0000000087d00000|100%| E|CS|TAMS 0x0000000087c00000, 0x0000000087c00000| Complete 
| 125|0x0000000087d00000, 0x0000000087e00000, 0x0000000087e00000|100%| E|CS|TAMS 0x0000000087d00000, 0x0000000087d00000| Complete 
| 126|0x0000000087e00000, 0x0000000087f00000, 0x0000000087f00000|100%| E|CS|TAMS 0x0000000087e00000, 0x0000000087e00000| Complete 
| 127|0x0000000087f00000, 0x0000000088000000, 0x0000000088000000|100%| E|CS|TAMS 0x0000000087f00000, 0x0000000087f00000| Complete 

Card table byte_map: [0x000001b648fa0000,0x000001b6493a0000] _byte_map_base: 0x000001b648ba0000

Marking Bits (Prev, Next): (CMBitMap*) 0x000001b6360ef810, (CMBitMap*) 0x000001b6360ef7d8
 Prev Bits: [0x000001b64b7a0000, 0x000001b64d7a0000)
 Next Bits: [0x000001b6497a0000, 0x000001b64b7a0000)

Polling page: 0x000001b634020000

Metaspace:

Usage:
  Non-class:     68.00 MB capacity,    66.77 MB ( 98%) used,     1.02 MB (  1%) free+waste,   214.88 KB ( <1%) overhead. 
      Class:     10.78 MB capacity,    10.04 MB ( 93%) used,   656.91 KB (  6%) free+waste,    99.44 KB ( <1%) overhead. 
       Both:     78.78 MB capacity,    76.82 MB ( 98%) used,     1.66 MB (  2%) free+waste,   314.31 KB ( <1%) overhead. 

Virtual space:
  Non-class space:       68.00 MB reserved,      68.00 MB (100%) committed 
      Class space:        1.00 GB reserved,      10.82 MB (  1%) committed 
             Both:        1.07 GB reserved,      78.82 MB (  7%) committed 

Chunk freelists:
   Non-Class:  2.00 KB
       Class:  0 bytes
        Both:  2.00 KB

MaxMetaspaceSize: 17179869184.00 GB
CompressedClassSpaceSize: 1.00 GB

CodeHeap 'non-profiled nmethods': size=120064Kb used=4504Kb max_used=4504Kb free=115559Kb
 bounds [0x000001b641660000, 0x000001b641ad0000, 0x000001b648ba0000]
CodeHeap 'profiled nmethods': size=120000Kb used=17936Kb max_used=17936Kb free=102063Kb
 bounds [0x000001b63a130000, 0x000001b63b2c0000, 0x000001b641660000]
CodeHeap 'non-nmethods': size=5696Kb used=2276Kb max_used=2330Kb free=3419Kb
 bounds [0x000001b639ba0000, 0x000001b639e10000, 0x000001b63a130000]
 total_blobs=9187 nmethods=8314 adapters=783
 compilation: enabled
              stopped_count=0, restarted_count=0
 full_count=0

Compilation events (20 events):
Event: 44.178 Thread 0x000001b64fcb9000 8332       1       org.gradle.internal.execution.history.impl.AbstractExecutionState::getAdditionalImplementations (5 bytes)
Event: 44.178 Thread 0x000001b64fcb9000 nmethod 8332 0x000001b641ac4310 code [0x000001b641ac44c0, 0x000001b641ac4578]
Event: 44.179 Thread 0x000001b64fcb9000 8333       1       org.gradle.internal.execution.history.impl.DefaultBeforeExecutionState::getOutputFileLocationSnapshots (5 bytes)
Event: 44.179 Thread 0x000001b64fcb9000 nmethod 8333 0x000001b641ac4610 code [0x000001b641ac47c0, 0x000001b641ac4878]
Event: 44.179 Thread 0x000001b64fcb9000 8334       1       org.gradle.internal.snapshot.impl.DefaultImplementationSnapshot::getClassLoaderHash (5 bytes)
Event: 44.179 Thread 0x000001b64fcb9000 nmethod 8334 0x000001b641ac4910 code [0x000001b641ac4ac0, 0x000001b641ac4b78]
Event: 44.179 Thread 0x000001b64fcb9000 8335       1       org.gradle.internal.execution.steps.AssignWorkspaceStep$1::getWorkspace (5 bytes)
Event: 44.179 Thread 0x000001b64fcb9000 nmethod 8335 0x000001b641ac4c10 code [0x000001b641ac4dc0, 0x000001b641ac4e78]
Event: 44.180 Thread 0x000001b64fcb9000 8336       3       org.gradle.tooling.internal.provider.runner.ClientForwardingTestOperationListener::started (115 bytes)
Event: 44.196 Thread 0x000001b64fcb9000 nmethod 8336 0x000001b63b2a0310 code [0x000001b63b2a0620, 0x000001b63b2a1a08]
Event: 44.196 Thread 0x000001b64fcb9000 8338       3       org.gradle.api.internal.file.AbstractOpaqueFileCollection::iterator (10 bytes)
Event: 44.196 Thread 0x000001b64fcb9000 nmethod 8338 0x000001b63b2a1f10 code [0x000001b63b2a20e0, 0x000001b63b2a2358]
Event: 44.196 Thread 0x000001b64fcb9000 8337       1       org.gradle.api.internal.file.DefaultFileCollectionFactory$FixedFileCollection::getIntrinsicFiles (5 bytes)
Event: 44.196 Thread 0x000001b64fcb9000 nmethod 8337 0x000001b641ac4f10 code [0x000001b641ac50c0, 0x000001b641ac5178]
Event: 44.245 Thread 0x000001b64fcb9000 8339       3       com.google.common.collect.Iterables::elementsEqual (57 bytes)
Event: 44.246 Thread 0x000001b64fcb9000 nmethod 8339 0x000001b63b2a2410 code [0x000001b63b2a2640, 0x000001b63b2a2f48]
Event: 44.246 Thread 0x000001b64fcb9000 8341       3       org.gradle.internal.execution.history.changes.AbstractFingerprintCompareStrategy$$Lambda$816/0x0000000100a94840::apply (10 bytes)
Event: 44.246 Thread 0x000001b64fcb9000 nmethod 8341 0x000001b63b2a3110 code [0x000001b63b2a32e0, 0x000001b63b2a35a8]
Event: 44.246 Thread 0x000001b64fcb9000 8340       1       org.gradle.internal.execution.history.changes.AbstractFingerprintChanges::access$000 (5 bytes)
Event: 44.247 Thread 0x000001b64fcb9000 nmethod 8340 0x000001b641ac5210 code [0x000001b641ac53c0, 0x000001b641ac5458]

GC Heap History (20 events):
Event: 24.915 GC heap before
{Heap before GC invocations=42 (full 0):
 garbage-first heap   total 76800K, used 57974K [0x0000000080000000, 0x0000000100000000)
  region size 1024K, 15 young (15360K), 2 survivors (2048K)
 Metaspace       used 60210K, capacity 61664K, committed 61900K, reserved 1103872K
  class space    used 7615K, capacity 8125K, committed 8140K, reserved 1048576K
}
Event: 24.924 GC heap after
{Heap after GC invocations=43 (full 0):
 garbage-first heap   total 76800K, used 46566K [0x0000000080000000, 0x0000000100000000)
  region size 1024K, 2 young (2048K), 2 survivors (2048K)
 Metaspace       used 60210K, capacity 61664K, committed 61900K, reserved 1103872K
  class space    used 7615K, capacity 8125K, committed 8140K, reserved 1048576K
}
Event: 25.324 GC heap before
{Heap before GC invocations=44 (full 0):
 garbage-first heap   total 76800K, used 58854K [0x0000000080000000, 0x0000000100000000)
  region size 1024K, 14 young (14336K), 2 survivors (2048K)
 Metaspace       used 61509K, capacity 62931K, committed 63180K, reserved 1103872K
  class space    used 7776K, capacity 8289K, committed 8396K, reserved 1048576K
}
Event: 25.328 GC heap after
{Heap after GC invocations=45 (full 0):
 garbage-first heap   total 76800K, used 47498K [0x0000000080000000, 0x0000000100000000)
  region size 1024K, 1 young (1024K), 1 survivors (1024K)
 Metaspace       used 61509K, capacity 62931K, committed 63180K, reserved 1103872K
  class space    used 7776K, capacity 8289K, committed 8396K, reserved 1048576K
}
Event: 25.629 GC heap before
{Heap before GC invocations=45 (full 0):
 garbage-first heap   total 76800K, used 57738K [0x0000000080000000, 0x0000000100000000)
  region size 1024K, 12 young (12288K), 1 survivors (1024K)
 Metaspace       used 62550K, capacity 63988K, committed 64332K, reserved 1105920K
  class space    used 7918K, capacity 8427K, committed 8524K, reserved 1048576K
}
Event: 25.637 GC heap after
{Heap after GC invocations=46 (full 0):
 garbage-first heap   total 76800K, used 48335K [0x0000000080000000, 0x0000000100000000)
  region size 1024K, 2 young (2048K), 2 survivors (2048K)
 Metaspace       used 62550K, capacity 63988K, committed 64332K, reserved 1105920K
  class space    used 7918K, capacity 8427K, committed 8524K, reserved 1048576K
}
Event: 25.983 GC heap before
{Heap before GC invocations=47 (full 0):
 garbage-first heap   total 76800K, used 61647K [0x0000000080000000, 0x0000000100000000)
  region size 1024K, 14 young (14336K), 2 survivors (2048K)
 Metaspace       used 63350K, capacity 64834K, committed 64972K, reserved 1105920K
  class space    used 8045K, capacity 8596K, committed 8652K, reserved 1048576K
}
Event: 25.994 GC heap after
{Heap after GC invocations=48 (full 0):
 garbage-first heap   total 97280K, used 48737K [0x0000000080000000, 0x0000000100000000)
  region size 1024K, 2 young (2048K), 2 survivors (2048K)
 Metaspace       used 63350K, capacity 64834K, committed 64972K, reserved 1105920K
  class space    used 8045K, capacity 8596K, committed 8652K, reserved 1048576K
}
Event: 26.474 GC heap before
{Heap before GC invocations=48 (full 0):
 garbage-first heap   total 97280K, used 69217K [0x0000000080000000, 0x0000000100000000)
  region size 1024K, 22 young (22528K), 2 survivors (2048K)
 Metaspace       used 63795K, capacity 65360K, committed 65612K, reserved 1105920K
  class space    used 8096K, capacity 8666K, committed 8780K, reserved 1048576K
}
Event: 26.482 GC heap after
{Heap after GC invocations=49 (full 0):
 garbage-first heap   total 97280K, used 51114K [0x0000000080000000, 0x0000000100000000)
  region size 1024K, 3 young (3072K), 3 survivors (3072K)
 Metaspace       used 63795K, capacity 65360K, committed 65612K, reserved 1105920K
  class space    used 8096K, capacity 8666K, committed 8780K, reserved 1048576K
}
Event: 27.808 GC heap before
{Heap before GC invocations=50 (full 0):
 garbage-first heap   total 97280K, used 71594K [0x0000000080000000, 0x0000000100000000)
  region size 1024K, 23 young (23552K), 3 survivors (3072K)
 Metaspace       used 66549K, capacity 68134K, committed 68300K, reserved 1107968K
  class space    used 8563K, capacity 9121K, committed 9164K, reserved 1048576K
}
Event: 27.848 GC heap after
{Heap after GC invocations=51 (full 0):
 garbage-first heap   total 97280K, used 52229K [0x0000000080000000, 0x0000000100000000)
  region size 1024K, 2 young (2048K), 2 survivors (2048K)
 Metaspace       used 66549K, capacity 68134K, committed 68300K, reserved 1107968K
  class space    used 8563K, capacity 9121K, committed 9164K, reserved 1048576K
}
Event: 29.246 GC heap before
{Heap before GC invocations=51 (full 0):
 garbage-first heap   total 97280K, used 72709K [0x0000000080000000, 0x0000000100000000)
  region size 1024K, 22 young (22528K), 2 survivors (2048K)
 Metaspace       used 68650K, capacity 70270K, committed 70476K, reserved 1110016K
  class space    used 8872K, capacity 9463K, committed 9548K, reserved 1048576K
}
Event: 29.254 GC heap after
{Heap after GC invocations=52 (full 0):
 garbage-first heap   total 97280K, used 53403K [0x0000000080000000, 0x0000000100000000)
  region size 1024K, 3 young (3072K), 3 survivors (3072K)
 Metaspace       used 68650K, capacity 70270K, committed 70476K, reserved 1110016K
  class space    used 8872K, capacity 9463K, committed 9548K, reserved 1048576K
}
Event: 30.999 GC heap before
{Heap before GC invocations=53 (full 0):
 garbage-first heap   total 97280K, used 74907K [0x0000000080000000, 0x0000000100000000)
  region size 1024K, 24 young (24576K), 3 survivors (3072K)
 Metaspace       used 70944K, capacity 72593K, committed 72908K, reserved 1112064K
  class space    used 9209K, capacity 9829K, committed 9932K, reserved 1048576K
}
Event: 31.020 GC heap after
{Heap after GC invocations=54 (full 0):
 garbage-first heap   total 131072K, used 54753K [0x0000000080000000, 0x0000000100000000)
  region size 1024K, 3 young (3072K), 3 survivors (3072K)
 Metaspace       used 70944K, capacity 72593K, committed 72908K, reserved 1112064K
  class space    used 9209K, capacity 9829K, committed 9932K, reserved 1048576K
}
Event: 32.741 GC heap before
{Heap before GC invocations=54 (full 0):
 garbage-first heap   total 131072K, used 91617K [0x0000000080000000, 0x0000000100000000)
  region size 1024K, 39 young (39936K), 3 survivors (3072K)
 Metaspace       used 75252K, capacity 76971K, committed 77132K, reserved 1116160K
  class space    used 9796K, capacity 10438K, committed 10572K, reserved 1048576K
}
Event: 32.758 GC heap after
{Heap after GC invocations=55 (full 0):
 garbage-first heap   total 131072K, used 57139K [0x0000000080000000, 0x0000000100000000)
  region size 1024K, 5 young (5120K), 5 survivors (5120K)
 Metaspace       used 75252K, capacity 76971K, committed 77132K, reserved 1116160K
  class space    used 9796K, capacity 10438K, committed 10572K, reserved 1048576K
}
Event: 38.431 GC heap before
{Heap before GC invocations=55 (full 0):
 garbage-first heap   total 131072K, used 96051K [0x0000000080000000, 0x0000000100000000)
  region size 1024K, 43 young (44032K), 5 survivors (5120K)
 Metaspace       used 78221K, capacity 80169K, committed 80460K, reserved 1118208K
  class space    used 10248K, capacity 10966K, committed 11084K, reserved 1048576K
}
Event: 38.605 GC heap after
{Heap after GC invocations=56 (full 0):
 garbage-first heap   total 131072K, used 59823K [0x0000000080000000, 0x0000000100000000)
  region size 1024K, 6 young (6144K), 6 survivors (6144K)
 Metaspace       used 78221K, capacity 80169K, committed 80460K, reserved 1118208K
  class space    used 10248K, capacity 10966K, committed 11084K, reserved 1048576K
}

Deoptimization events (20 events):
Event: 38.851 Thread 0x000001b652e3c000 Uncommon trap: trap_request=0xffffffc6 fr.pc=0x000001b641903a4c relative=0x0000000000001bac
Event: 38.851 Thread 0x000001b652e3c000 Uncommon trap: reason=bimorphic_or_optimized_type_check action=maybe_recompile pc=0x000001b641903a4c method=java.util.concurrent.ConcurrentHashMap.putVal(Ljava/lang/Object;Ljava/lang/Object;Z)Ljava/lang/Object; @ 242 c2
Event: 38.851 Thread 0x000001b652e3c000 DEOPT PACKING pc=0x000001b641903a4c sp=0x00000087878fdd70
Event: 38.851 Thread 0x000001b652e3c000 DEOPT UNPACKING pc=0x000001b639bc78af sp=0x00000087878fdcf0 mode 2
Event: 38.852 Thread 0x000001b652e3c000 DEOPT PACKING pc=0x000001b63afca244 sp=0x00000087878fd400
Event: 38.852 Thread 0x000001b652e3c000 DEOPT UNPACKING pc=0x000001b639bc76ce sp=0x00000087878fc9a0 mode 0
Event: 38.885 Thread 0x000001b652e3f000 Uncommon trap: trap_request=0xffffffc6 fr.pc=0x000001b641903a4c relative=0x0000000000001bac
Event: 38.885 Thread 0x000001b652e3f000 Uncommon trap: reason=bimorphic_or_optimized_type_check action=maybe_recompile pc=0x000001b641903a4c method=java.util.concurrent.ConcurrentHashMap.putVal(Ljava/lang/Object;Ljava/lang/Object;Z)Ljava/lang/Object; @ 242 c2
Event: 38.885 Thread 0x000001b652e3f000 DEOPT PACKING pc=0x000001b641903a4c sp=0x00000087879fded0
Event: 38.885 Thread 0x000001b652e3f000 DEOPT UNPACKING pc=0x000001b639bc78af sp=0x00000087879fde50 mode 2
Event: 39.291 Thread 0x000001b652e3f000 DEOPT PACKING pc=0x000001b63afca244 sp=0x00000087879fd440
Event: 39.291 Thread 0x000001b652e3f000 DEOPT UNPACKING pc=0x000001b639bc76ce sp=0x00000087879fc9e0 mode 0
Event: 39.661 Thread 0x000001b652e35000 Uncommon trap: trap_request=0xffffff4d fr.pc=0x000001b641898558 relative=0x00000000000001f8
Event: 39.662 Thread 0x000001b652e35000 Uncommon trap: reason=unstable_if action=reinterpret pc=0x000001b641898558 method=com.esotericsoftware.kryo.io.Input.readVarInt(Z)I @ 42 c2
Event: 39.662 Thread 0x000001b652e35000 DEOPT PACKING pc=0x000001b641898558 sp=0x0000008786ffdeb0
Event: 39.662 Thread 0x000001b652e35000 DEOPT UNPACKING pc=0x000001b639bc78af sp=0x0000008786ffdda0 mode 2
Event: 41.623 Thread 0x000001b652e3c000 DEOPT PACKING pc=0x000001b63b1ecfb1 sp=0x00000087878fb610
Event: 41.623 Thread 0x000001b652e3c000 DEOPT UNPACKING pc=0x000001b639bc76ce sp=0x00000087878faad8 mode 0
Event: 43.833 Thread 0x000001b652e3c000 DEOPT PACKING pc=0x000001b63afca244 sp=0x00000087878fd410
Event: 43.837 Thread 0x000001b652e3c000 DEOPT UNPACKING pc=0x000001b639bc76ce sp=0x00000087878fc9b0 mode 0

Classes redefined (0 events):
No events

Internal exceptions (20 events):
Event: 31.779 Thread 0x000001b65100c800 Exception <a 'sun/nio/fs/WindowsException'{0x00000000870a53e8}> (0x00000000870a53e8) thrown at [./src/hotspot/share/prims/jni.cpp, line 615]
Event: 31.779 Thread 0x000001b65100c800 Exception <a 'sun/nio/fs/WindowsException'{0x00000000870a6508}> (0x00000000870a6508) thrown at [./src/hotspot/share/prims/jni.cpp, line 615]
Event: 31.779 Thread 0x000001b65100c800 Exception <a 'sun/nio/fs/WindowsException'{0x00000000870a7628}> (0x00000000870a7628) thrown at [./src/hotspot/share/prims/jni.cpp, line 615]
Event: 32.841 Thread 0x000001b65100c800 Exception <a 'java/lang/NoSuchMethodError'{0x0000000087d11f08}: 'java.lang.Object java.lang.invoke.Invokers$Holder.linkToTargetMethod(java.lang.Object, int, int, java.lang.Object)'> (0x0000000087d11f08) thrown at [./src/hotspot/share/interpreter/linkResolver.cpp, line 773]
Event: 34.467 Thread 0x000001b650963000 Exception <a 'java/lang/NoSuchMethodError'{0x0000000086d88e68}: <clinit>> (0x0000000086d88e68) thrown at [./src/hotspot/share/prims/jni.cpp, line 1362]
Event: 34.470 Thread 0x000001b650963000 Exception <a 'java/lang/NoSuchMethodError'{0x0000000086d94600}: <clinit>> (0x0000000086d94600) thrown at [./src/hotspot/share/prims/jni.cpp, line 1362]
Event: 34.479 Thread 0x000001b650963000 Exception <a 'java/lang/NoSuchMethodError'{0x0000000086c08f58}: <clinit>> (0x0000000086c08f58) thrown at [./src/hotspot/share/prims/jni.cpp, line 1362]
Event: 34.480 Thread 0x000001b650963000 Exception <a 'java/lang/NoSuchMethodError'{0x0000000086c1d050}: <clinit>> (0x0000000086c1d050) thrown at [./src/hotspot/share/prims/jni.cpp, line 1362]
Event: 34.481 Thread 0x000001b650963000 Exception <a 'java/lang/NoSuchMethodError'{0x0000000086c1e7d0}: <clinit>> (0x0000000086c1e7d0) thrown at [./src/hotspot/share/prims/jni.cpp, line 1362]
Event: 34.602 Thread 0x000001b651830000 Exception <a 'java/lang/NoSuchMethodError'{0x0000000086a76228}: <clinit>> (0x0000000086a76228) thrown at [./src/hotspot/share/prims/jni.cpp, line 1362]
Event: 34.638 Thread 0x000001b651830000 Exception <a 'java/lang/NoSuchMethodError'{0x0000000086a8aa08}: <clinit>> (0x0000000086a8aa08) thrown at [./src/hotspot/share/prims/jni.cpp, line 1362]
Event: 34.657 Thread 0x000001b651830000 Exception <a 'java/lang/NoSuchMethodError'{0x0000000086aa3c90}: <clinit>> (0x0000000086aa3c90) thrown at [./src/hotspot/share/prims/jni.cpp, line 1362]
Event: 35.222 Thread 0x000001b650963000 Exception <a 'java/lang/NoSuchMethodError'{0x0000000086731340}: <clinit>> (0x0000000086731340) thrown at [./src/hotspot/share/prims/jni.cpp, line 1362]
Event: 35.654 Thread 0x000001b65100c800 Exception <a 'java/lang/NoSuchMethodError'{0x00000000867b8448}: 'java.lang.Object java.lang.invoke.Invokers$Holder.linkToTargetMethod(java.lang.Object, java.lang.Object, java.lang.Object, int, java.lang.Object, java.lang.Object)'> (0x00000000867b8448) thrown at [./src/hotspot/share/interpreter/linkResolver.cpp, line 773]
Event: 35.802 Thread 0x000001b65100c800 Exception <a 'java/lang/IncompatibleClassChangeError'{0x0000000086620e20}: Found class java.lang.Object, but interface was expected> (0x0000000086620e20) thrown at [./src/hotspot/share/interpreter/linkResolver.cpp, line 839]
Event: 36.081 Thread 0x000001b65100c800 Exception <a 'java/lang/NoSuchMethodError'{0x000000008640af88}: 'int java.lang.invoke.DirectMethodHandle$Holder.invokeStaticInit(java.lang.Object, java.lang.Object, java.lang.Object, java.lang.Object, java.lang.Object)'> (0x000000008640af88) thrown at [./src/hotspot/share/interpreter/linkResolver.cpp, line 773]
Event: 38.677 Thread 0x000001b652e3c800 Exception <a 'java/lang/NoSuchMethodError'{0x0000000087e91b48}: 'java.lang.Object java.lang.invoke.DirectMethodHandle$Holder.invokeSpecialIFC(java.lang.Object, java.lang.Object, java.lang.Object)'> (0x0000000087e91b48) thrown at [./src/hotspot/share/interpreter/linkResolver.cpp, line 773]
Event: 38.677 Thread 0x000001b65100c800 Exception <a 'java/lang/NoSuchMethodError'{0x0000000087e37fa0}: 'java.lang.Object java.lang.invoke.DirectMethodHandle$Holder.invokeSpecialIFC(java.lang.Object, java.lang.Object, java.lang.Object)'> (0x0000000087e37fa0) thrown at [./src/hotspot/share/interpreter/linkResolver.cpp, line 773]
Event: 39.798 Thread 0x000001b652e3f000 Exception <a 'java/lang/NoSuchMethodError'{0x00000000875ba5f0}: 'void java.lang.invoke.DirectMethodHandle$Holder.invokeVirtual(java.lang.Object, java.lang.Object)'> (0x00000000875ba5f0) thrown at [./src/hotspot/share/interpreter/linkResolver.cpp, line 773]
Event: 39.798 Thread 0x000001b65100c800 Exception <a 'java/lang/NoSuchMethodError'{0x000000008727a150}: 'void java.lang.invoke.DirectMethodHandle$Holder.invokeVirtual(java.lang.Object, java.lang.Object)'> (0x000000008727a150) thrown at [./src/hotspot/share/interpreter/linkResolver.cpp, line 773]

Events (20 events):
Event: 41.774 Executing VM operation: RevokeBias
Event: 41.774 Executing VM operation: RevokeBias done
Event: 43.668 Executing VM operation: RevokeBias
Event: 43.700 Executing coalesced safepoint VM operation: RevokeBias
Event: 43.700 Executing coalesced safepoint VM operation: RevokeBias done
Event: 43.700 Executing coalesced safepoint VM operation: RevokeBias
Event: 43.700 Executing coalesced safepoint VM operation: RevokeBias done
Event: 43.700 Executing VM operation: RevokeBias done
Event: 43.736 Executing VM operation: RevokeBias
Event: 43.750 Executing VM operation: RevokeBias done
Event: 43.750 Executing VM operation: RevokeBias
Event: 43.760 Executing VM operation: RevokeBias done
Event: 43.760 Executing VM operation: RevokeBias
Event: 43.761 Executing VM operation: RevokeBias done
Event: 44.168 Executing VM operation: RevokeBias
Event: 44.174 Executing VM operation: RevokeBias done
Event: 44.233 Executing VM operation: RevokeBias
Event: 44.244 Executing VM operation: RevokeBias done
Event: 44.246 Executing VM operation: RevokeBias
Event: 44.247 Executing VM operation: RevokeBias done


Dynamic libraries:
0x00007ff7eb960000 - 0x00007ff7eb96a000 	C:\Program Files\Android\Android Studio\jre\bin\java.exe
0x00007ffaa36b0000 - 0x00007ffaa38a5000 	C:\WINDOWS\SYSTEM32\ntdll.dll
0x00007ffaa25f0000 - 0x00007ffaa26ae000 	C:\WINDOWS\System32\KERNEL32.DLL
0x00007ffaa1380000 - 0x00007ffaa1648000 	C:\WINDOWS\System32\KERNELBASE.dll
0x00007ffaa1280000 - 0x00007ffaa1380000 	C:\WINDOWS\System32\ucrtbase.dll
0x00007ffa7ac80000 - 0x00007ffa7ac99000 	C:\Program Files\Android\Android Studio\jre\bin\jli.dll
0x00007ffa7a080000 - 0x00007ffa7a097000 	C:\Program Files\Android\Android Studio\jre\bin\VCRUNTIME140.dll
0x00007ffaa34c0000 - 0x00007ffaa3661000 	C:\WINDOWS\System32\USER32.dll
0x00007ffaa1180000 - 0x00007ffaa11a2000 	C:\WINDOWS\System32\win32u.dll
0x00007ffaa1d60000 - 0x00007ffaa1d8b000 	C:\WINDOWS\System32\GDI32.dll
0x00007ffaa0e80000 - 0x00007ffaa0f8b000 	C:\WINDOWS\System32\gdi32full.dll
0x00007ffaa11e0000 - 0x00007ffaa127d000 	C:\WINDOWS\System32\msvcp_win.dll
0x00007ffa8bf40000 - 0x00007ffa8c1da000 	C:\WINDOWS\WinSxS\amd64_microsoft.windows.common-controls_6595b64144ccf1df_6.0.19041.1110_none_60b5254171f9507e\COMCTL32.dll
0x00007ffaa2e10000 - 0x00007ffaa2eae000 	C:\WINDOWS\System32\msvcrt.dll
0x00007ffaa25c0000 - 0x00007ffaa25f0000 	C:\WINDOWS\System32\IMM32.DLL
0x00007ffa6c380000 - 0x00007ffa6c41d000 	C:\Program Files\Android\Android Studio\jre\bin\msvcp140.dll
0x00007ffa466a0000 - 0x00007ffa4716f000 	C:\Program Files\Android\Android Studio\jre\bin\server\jvm.dll
0x00007ffaa19e0000 - 0x00007ffaa1a8c000 	C:\WINDOWS\System32\ADVAPI32.dll
0x00007ffaa2c40000 - 0x00007ffaa2cdb000 	C:\WINDOWS\System32\sechost.dll
0x00007ffaa18b0000 - 0x00007ffaa19da000 	C:\WINDOWS\System32\RPCRT4.dll
0x00007ffaa1af0000 - 0x00007ffaa1af8000 	C:\WINDOWS\System32\PSAPI.DLL
0x00007ffa8c3f0000 - 0x00007ffa8c417000 	C:\WINDOWS\SYSTEM32\WINMM.dll
0x00007ffa95e40000 - 0x00007ffa95e4a000 	C:\WINDOWS\SYSTEM32\VERSION.dll
0x00007ffa9eda0000 - 0x00007ffa9eda9000 	C:\WINDOWS\SYSTEM32\WSOCK32.dll
0x00007ffaa1cf0000 - 0x00007ffaa1d5b000 	C:\WINDOWS\System32\WS2_32.dll
0x00007ffa9f650000 - 0x00007ffa9f662000 	C:\WINDOWS\SYSTEM32\kernel.appcore.dll
0x00007ffa8ba80000 - 0x00007ffa8ba91000 	C:\Program Files\Android\Android Studio\jre\bin\verify.dll
0x00007ffa9eb90000 - 0x00007ffa9ed74000 	C:\WINDOWS\SYSTEM32\DBGHELP.DLL
0x00007ffa87740000 - 0x00007ffa8776c000 	C:\WINDOWS\SYSTEM32\dbgcore.DLL
0x00007ffaa0f90000 - 0x00007ffaa1013000 	C:\WINDOWS\System32\bcryptPrimitives.dll
0x00007ffa89cd0000 - 0x00007ffa89cf9000 	C:\Program Files\Android\Android Studio\jre\bin\java.dll
0x00007ffa8ba70000 - 0x00007ffa8ba7b000 	C:\Program Files\Android\Android Studio\jre\bin\jimage.dll
0x00007ffa8b810000 - 0x00007ffa8b828000 	C:\Program Files\Android\Android Studio\jre\bin\zip.dll
0x00007ffaa1da0000 - 0x00007ffaa24df000 	C:\WINDOWS\System32\SHELL32.dll
0x00007ffa9edb0000 - 0x00007ffa9f540000 	C:\WINDOWS\SYSTEM32\windows.storage.dll
0x00007ffaa2f30000 - 0x00007ffaa3285000 	C:\WINDOWS\System32\combase.dll
0x00007ffaa0820000 - 0x00007ffaa084e000 	C:\WINDOWS\SYSTEM32\Wldp.dll
0x00007ffaa33b0000 - 0x00007ffaa345d000 	C:\WINDOWS\System32\SHCORE.dll
0x00007ffaa3340000 - 0x00007ffaa3395000 	C:\WINDOWS\System32\shlwapi.dll
0x00007ffaa0d10000 - 0x00007ffaa0d2f000 	C:\WINDOWS\SYSTEM32\profapi.dll
0x00007ffa89dc0000 - 0x00007ffa89dda000 	C:\Program Files\Android\Android Studio\jre\bin\net.dll
0x00007ffa90c90000 - 0x00007ffa90d9c000 	C:\WINDOWS\SYSTEM32\WINHTTP.dll
0x00007ffaa0580000 - 0x00007ffaa05ea000 	C:\WINDOWS\system32\mswsock.dll
0x00007ffa89c60000 - 0x00007ffa89c74000 	C:\Program Files\Android\Android Studio\jre\bin\nio.dll
0x00007ffa7fe60000 - 0x00007ffa7fe87000 	C:\Users\Asus\.gradle\native\8bec1ad78214c89d9ad589b4d07fe93259594b29d510b10fafb7a158f7737e5d\windows-amd64\native-platform.dll
0x00007ffa558b0000 - 0x00007ffa559ed000 	C:\Users\Asus\.gradle\native\53dbd7edfb1c66fb8903c78663c9afc45aea4f116125fa6feffd364cf09443e8\windows-amd64\native-platform-file-events.dll
0x00007ffa8a330000 - 0x00007ffa8a33a000 	C:\Program Files\Android\Android Studio\jre\bin\management.dll
0x00007ffa8a0b0000 - 0x00007ffa8a0bc000 	C:\Program Files\Android\Android Studio\jre\bin\management_ext.dll
0x00007ffaa0770000 - 0x00007ffaa0788000 	C:\WINDOWS\SYSTEM32\CRYPTSP.dll
0x00007ffa9fe90000 - 0x00007ffa9fec4000 	C:\WINDOWS\system32\rsaenh.dll
0x00007ffaa11b0000 - 0x00007ffaa11d7000 	C:\WINDOWS\System32\bcrypt.dll
0x00007ffaa0c90000 - 0x00007ffaa0cbe000 	C:\WINDOWS\SYSTEM32\USERENV.dll
0x00007ffaa0790000 - 0x00007ffaa079c000 	C:\WINDOWS\SYSTEM32\CRYPTBASE.dll
0x00007ffaa0220000 - 0x00007ffaa025b000 	C:\WINDOWS\SYSTEM32\IPHLPAPI.DLL
0x00007ffaa1d90000 - 0x00007ffaa1d98000 	C:\WINDOWS\System32\NSI.dll
0x00007ffa968a0000 - 0x00007ffa968b7000 	C:\WINDOWS\SYSTEM32\dhcpcsvc6.DLL
0x00007ffa96180000 - 0x00007ffa9619d000 	C:\WINDOWS\SYSTEM32\dhcpcsvc.DLL
0x00007ffaa0260000 - 0x00007ffaa032b000 	C:\WINDOWS\SYSTEM32\DNSAPI.dll

dbghelp: loaded successfully - version: 4.0.5 - missing functions: none
symbol engine: initialized successfully - sym options: 0x614 - pdb path: .;C:\Program Files\Android\Android Studio\jre\bin;C:\WINDOWS\SYSTEM32;C:\WINDOWS\WinSxS\amd64_microsoft.windows.common-controls_6595b64144ccf1df_6.0.19041.1110_none_60b5254171f9507e;C:\Program Files\Android\Android Studio\jre\bin\server;C:\Users\Asus\.gradle\native\8bec1ad78214c89d9ad589b4d07fe93259594b29d510b10fafb7a158f7737e5d\windows-amd64;C:\Users\Asus\.gradle\native\53dbd7edfb1c66fb8903c78663c9afc45aea4f116125fa6feffd364cf09443e8\windows-amd64

VM Arguments:
jvm_args: --add-opens=java.base/java.util=ALL-UNNAMED --add-opens=java.base/java.lang=ALL-UNNAMED --add-opens=java.base/java.lang.invoke=ALL-UNNAMED --add-opens=java.base/java.util=ALL-UNNAMED --add-opens=java.prefs/java.util.prefs=ALL-UNNAMED --add-opens=java.prefs/java.util.prefs=ALL-UNNAMED --add-opens=java.base/java.nio.charset=ALL-UNNAMED --add-opens=java.base/java.net=ALL-UNNAMED --add-opens=java.base/java.util.concurrent.atomic=ALL-UNNAMED -Xmx2048m -Dfile.encoding=UTF-8 -Duser.country=PL -Duser.language=pl -Duser.variant 
java_command: org.gradle.launcher.daemon.bootstrap.GradleDaemon 7.0.2
java_class_path (initial): C:\Users\Asus\.gradle\wrapper\dists\gradle-7.0.2-bin\857tjihv64xamwrf0h14cai3r\gradle-7.0.2\lib\gradle-launcher-7.0.2.jar
Launcher Type: SUN_STANDARD

[Global flags]
     intx CICompilerCount                          = 3                                         {product} {ergonomic}
     uint ConcGCThreads                            = 1                                         {product} {ergonomic}
     uint G1ConcRefinementThreads                  = 4                                         {product} {ergonomic}
   size_t G1HeapRegionSize                         = 1048576                                   {product} {ergonomic}
    uintx GCDrainStackTargetSize                   = 64                                        {product} {ergonomic}
   size_t InitialHeapSize                          = 65011712                                  {product} {ergonomic}
   size_t MarkStackSize                            = 4194304                                   {product} {ergonomic}
   size_t MaxHeapSize                              = 2147483648                                {product} {command line}
   size_t MaxNewSize                               = 1287651328                                {product} {ergonomic}
   size_t MinHeapDeltaBytes                        = 1048576                                   {product} {ergonomic}
    uintx NonNMethodCodeHeapSize                   = 5830732                                {pd product} {ergonomic}
    uintx NonProfiledCodeHeapSize                  = 122913754                              {pd product} {ergonomic}
    uintx ProfiledCodeHeapSize                     = 122913754                              {pd product} {ergonomic}
    uintx ReservedCodeCacheSize                    = 251658240                              {pd product} {ergonomic}
     bool SegmentedCodeCache                       = true                                      {product} {ergonomic}
     bool UseCompressedClassPointers               = true                                 {lp64_product} {ergonomic}
     bool UseCompressedOops                        = true                                 {lp64_product} {ergonomic}
     bool UseG1GC                                  = true                                      {product} {ergonomic}
     bool UseLargePagesIndividualAllocation        = false                                  {pd product} {ergonomic}

Logging:
Log output configuration:
 #0: stdout all=warning uptime,level,tags
 #1: stderr all=off uptime,level,tags

Environment Variables:
PATH=C:\Program Files (x86)\Intel\iCLS Client\;C:\Program Files\Intel\iCLS Client\;C:\Windows\system32;C:\Windows;C:\Windows\System32\Wbem;C:\Windows\System32\WindowsPowerShell\v1.0\;C:\Program Files (x86)\NVIDIA Corporation\PhysX\Common;C:\Program Files (x86)\Intel\Intel(R) Management Engine Components\DAL;C:\Program Files\Intel\Intel(R) Management Engine Components\DAL;C:\Program Files (x86)\Intel\Intel(R) Management Engine Components\IPT;C:\Program Files\Intel\Intel(R) Management Engine Components\IPT;C:\WINDOWS\system32;C:\WINDOWS;C:\WINDOWS\System32\Wbem;C:\WINDOWS\System32\WindowsPowerShell\v1.0\;C:\WINDOWS\System32\OpenSSH\;C:\Program Files\Intel\WiFi\bin\;C:\Program Files\Common Files\Intel\WirelessCommon\;C:\Program Files\dotnet\;C:\Program Files\Git\cmd;C:\Program Files\Microsoft SQL Server\130\Tools\Binn\;C:\Program Files\Microsoft SQL Server\Client SDK\ODBC\170\Tools\Binn\;C:\Users\Asus\AppData\Local\Microsoft\WindowsApps;;C:\Users\Asus\AppData\Local\Programs\Microsoft VS Code\bin;C:\Users\Asus\.dotnet\tools;C:\Program Files\heroku\bin
USERNAME=Asus
OS=Windows_NT
PROCESSOR_IDENTIFIER=Intel64 Family 6 Model 78 Stepping 3, GenuineIntel



---------------  S Y S T E M  ---------------

OS: Windows 10 , 64 bit Build 19041 (10.0.19041.1348)
OS uptime: 6 days 6:18 hours

CPU:total 4 (initial active 4) (2 cores per cpu, 2 threads per core) family 6 model 78 stepping 3 microcode 0xcc, cmov, cx8, fxsr, mmx, sse, sse2, sse3, ssse3, sse4.1, sse4.2, popcnt, avx, avx2, aes, clmul, erms, 3dnowpref, lzcnt, ht, tsc, tscinvbit, bmi1, bmi2, adx, fma

Memory: 4k page, system-wide physical 3960M (13M free)
TotalPageFile size 16248M (AvailPageFile size 4M)
current process WorkingSet (physical memory assigned to process): 65M, peak: 219M
current process commit charge ("private bytes"): 351M, peak: 375M

vm_info: OpenJDK 64-Bit Server VM (11.0.10+0-b96-7249189) for windows-amd64 JRE (11.0.10+0-b96-7249189), built on Mar 31 2021 21:44:00 by "builder" with MS VC++ 14.0 (VS2015)

END.
